{"/workspace/greenWave/src/i18n.ts": {"path":"/workspace/greenWave/src/i18n.ts","statementMap":{"0":{"start":{"line":1,"column":0},"end":{"line":1,"column":31}},"1":{"start":{"line":2,"column":0},"end":{"line":2,"column":50}},"2":{"start":{"line":3,"column":0},"end":{"line":3,"column":35}},"3":{"start":{"line":4,"column":0},"end":{"line":4,"column":35}},"4":{"start":{"line":6,"column":21},"end":{"line":6,"column":40}},"5":{"start":{"line":8,"column":13},"end":{"line":8,"column":35}},"6":{"start":{"line":9,"column":0},"end":{"line":9,"column":27}},"7":{"start":{"line":11,"column":16},"end":{"line":11,"column":41}},"8":{"start":{"line":12,"column":0},"end":{"line":14,"column":1}},"9":{"start":{"line":13,"column":2},"end":{"line":13,"column":53}},"10":{"start":{"line":16,"column":0},"end":{"line":16,"column":20}}},"fnMap":{},"branchMap":{"0":{"loc":{"start":{"line":12,"column":0},"end":{"line":14,"column":1}},"type":"if","locations":[{"start":{"line":12,"column":0},"end":{"line":14,"column":1}}]}},"s":{"0":7,"1":7,"2":7,"3":7,"4":7,"5":7,"6":7,"7":7,"8":7,"9":7,"10":7},"f":{},"b":{"0":[7]}}
,"/workspace/greenWave/src/index.ts": {"path":"/workspace/greenWave/src/index.ts","statementMap":{"0":{"start":{"line":1,"column":0},"end":{"line":1,"column":9}},"1":{"start":{"line":1,"column":9},"end":{"line":1,"column":82}},"2":{"start":{"line":2,"column":0},"end":{"line":2,"column":9}},"3":{"start":{"line":2,"column":9},"end":{"line":2,"column":27}},"4":{"start":{"line":2,"column":27},"end":{"line":2,"column":69}},"5":{"start":{"line":3,"column":0},"end":{"line":3,"column":9}},"6":{"start":{"line":3,"column":9},"end":{"line":3,"column":44}},"7":{"start":{"line":4,"column":0},"end":{"line":4,"column":null}},"8":{"start":{"line":5,"column":2},"end":{"line":5,"column":null}},"9":{"start":{"line":6,"column":2},"end":{"line":6,"column":null}},"10":{"start":{"line":7,"column":2},"end":{"line":7,"column":null}},"11":{"start":{"line":8,"column":2},"end":{"line":8,"column":null}},"12":{"start":{"line":9,"column":2},"end":{"line":9,"column":null}},"13":{"start":{"line":10,"column":2},"end":{"line":10,"column":null}},"14":{"start":{"line":11,"column":2},"end":{"line":11,"column":null}},"15":{"start":{"line":12,"column":2},"end":{"line":12,"column":null}},"16":{"start":{"line":13,"column":2},"end":{"line":13,"column":null}},"17":{"start":{"line":16,"column":0},"end":{"line":16,"column":27}},"18":{"start":{"line":17,"column":0},"end":{"line":17,"column":29}},"19":{"start":{"line":18,"column":0},"end":{"line":18,"column":26}},"20":{"start":{"line":19,"column":0},"end":{"line":19,"column":25}}},"fnMap":{"0":{"name":"(anonymous_4)","decl":{"start":{"line":1,"column":9},"end":{"line":1,"column":29}},"loc":{"start":{"line":1,"column":9},"end":{"line":1,"column":82}}},"1":{"name":"(anonymous_5)","decl":{"start":{"line":2,"column":9},"end":{"line":2,"column":25}},"loc":{"start":{"line":2,"column":9},"end":{"line":2,"column":27}}},"2":{"name":"(anonymous_6)","decl":{"start":{"line":2,"column":27},"end":{"line":2,"column":39}},"loc":{"start":{"line":2,"column":27},"end":{"line":2,"column":69}}},"3":{"name":"(anonymous_7)","decl":{"start":{"line":3,"column":9},"end":{"line":3,"column":23}},"loc":{"start":{"line":3,"column":9},"end":{"line":3,"column":44}}},"4":{"name":"(anonymous_8)","decl":{"start":{"line":5,"column":2},"end":{"line":5,"column":23}},"loc":{"start":{"line":5,"column":2},"end":{"line":5,"column":null}}},"5":{"name":"(anonymous_9)","decl":{"start":{"line":6,"column":2},"end":{"line":6,"column":13}},"loc":{"start":{"line":6,"column":2},"end":{"line":6,"column":null}}},"6":{"name":"(anonymous_10)","decl":{"start":{"line":7,"column":2},"end":{"line":7,"column":14}},"loc":{"start":{"line":7,"column":2},"end":{"line":7,"column":null}}},"7":{"name":"(anonymous_11)","decl":{"start":{"line":8,"column":2},"end":{"line":8,"column":13}},"loc":{"start":{"line":8,"column":2},"end":{"line":8,"column":null}}},"8":{"name":"(anonymous_12)","decl":{"start":{"line":9,"column":2},"end":{"line":9,"column":15}},"loc":{"start":{"line":9,"column":2},"end":{"line":9,"column":null}}},"9":{"name":"(anonymous_13)","decl":{"start":{"line":10,"column":2},"end":{"line":10,"column":13}},"loc":{"start":{"line":10,"column":2},"end":{"line":10,"column":null}}},"10":{"name":"(anonymous_14)","decl":{"start":{"line":11,"column":2},"end":{"line":11,"column":15}},"loc":{"start":{"line":11,"column":2},"end":{"line":11,"column":null}}},"11":{"name":"(anonymous_15)","decl":{"start":{"line":12,"column":2},"end":{"line":12,"column":12}},"loc":{"start":{"line":12,"column":2},"end":{"line":12,"column":null}}},"12":{"name":"(anonymous_16)","decl":{"start":{"line":13,"column":2},"end":{"line":13,"column":11}},"loc":{"start":{"line":13,"column":2},"end":{"line":13,"column":null}}}},"branchMap":{},"s":{"0":2,"1":8,"2":2,"3":2,"4":2,"5":2,"6":2,"7":2,"8":2,"9":3,"10":4,"11":8,"12":8,"13":3,"14":2,"15":2,"16":2,"17":2,"18":2,"19":2,"20":2},"f":{"0":6,"1":0,"2":0,"3":0,"4":0,"5":1,"6":2,"7":6,"8":6,"9":1,"10":0,"11":0,"12":0},"b":{}}
,"/workspace/greenWave/src/navigationFactory.ts": {"path":"/workspace/greenWave/src/navigationFactory.ts","statementMap":{"0":{"start":{"line":25,"column":0},"end":{"line":25,"column":16}},"1":{"start":{"line":40,"column":0},"end":{"line":40,"column":16}},"2":{"start":{"line":51,"column":0},"end":{"line":51,"column":16}},"3":{"start":{"line":1,"column":0},"end":{"line":1,"column":null}},"4":{"start":{"line":59,"column":2},"end":{"line":2,"column":null}},"5":{"start":{"line":60,"column":2},"end":{"line":3,"column":null}},"6":{"start":{"line":61,"column":2},"end":{"line":4,"column":null}},"7":{"start":{"line":62,"column":2},"end":{"line":5,"column":null}},"8":{"start":{"line":63,"column":2},"end":{"line":6,"column":null}},"9":{"start":{"line":9,"column":0},"end":{"line":9,"column":47}},"10":{"start":{"line":18,"column":13},"end":{"line":23,"column":2}},"11":{"start":{"line":28,"column":2},"end":{"line":28,"column":47}},"12":{"start":{"line":43,"column":19},"end":{"line":43,"column":53}},"13":{"start":{"line":44,"column":16},"end":{"line":44,"column":57}},"14":{"start":{"line":45,"column":2},"end":{"line":48,"column":5}},"15":{"start":{"line":45,"column":53},"end":{"line":48,"column":4}},"16":{"start":{"line":55,"column":2},"end":{"line":55,"column":48}}},"fnMap":{"0":{"name":"(anonymous_0)","decl":{"start":{"line":59,"column":2},"end":{"line":59,"column":23}},"loc":{"start":{"line":59,"column":2},"end":{"line":2,"column":null}}},"1":{"name":"(anonymous_1)","decl":{"start":{"line":60,"column":2},"end":{"line":60,"column":18}},"loc":{"start":{"line":60,"column":2},"end":{"line":3,"column":null}}},"2":{"name":"(anonymous_2)","decl":{"start":{"line":61,"column":2},"end":{"line":61,"column":14}},"loc":{"start":{"line":61,"column":2},"end":{"line":4,"column":null}}},"3":{"name":"(anonymous_3)","decl":{"start":{"line":62,"column":2},"end":{"line":62,"column":16}},"loc":{"start":{"line":62,"column":2},"end":{"line":5,"column":null}}},"4":{"name":"(anonymous_4)","decl":{"start":{"line":63,"column":2},"end":{"line":63,"column":23}},"loc":{"start":{"line":63,"column":2},"end":{"line":6,"column":null}}},"5":{"name":"resolveNavigationDeps","decl":{"start":{"line":25,"column":16},"end":{"line":25,"column":37}},"loc":{"start":{"line":26,"column":36},"end":{"line":29,"column":1}}},"6":{"name":"createNavigationFactory","decl":{"start":{"line":40,"column":16},"end":{"line":40,"column":39}},"loc":{"start":{"line":41,"column":31},"end":{"line":49,"column":1}}},"7":{"name":"(anonymous_7)","decl":{"start":{"line":45,"column":9},"end":{"line":45,"column":10}},"loc":{"start":{"line":45,"column":53},"end":{"line":48,"column":4}}},"8":{"name":"createNavigation","decl":{"start":{"line":51,"column":16},"end":{"line":51,"column":32}},"loc":{"start":{"line":53,"column":31},"end":{"line":56,"column":1}}}},"branchMap":{"0":{"loc":{"start":{"line":26,"column":2},"end":{"line":26,"column":36}},"type":"default-arg","locations":[{"start":{"line":26,"column":34},"end":{"line":26,"column":36}}]},"1":{"loc":{"start":{"line":41,"column":2},"end":{"line":41,"column":31}},"type":"default-arg","locations":[{"start":{"line":41,"column":29},"end":{"line":41,"column":31}}]},"2":{"loc":{"start":{"line":44,"column":16},"end":{"line":44,"column":57}},"type":"cond-expr","locations":[{"start":{"line":44,"column":33},"end":{"line":44,"column":37}},{"start":{"line":44,"column":37},"end":{"line":44,"column":57}}]},"3":{"loc":{"start":{"line":44,"column":16},"end":{"line":44,"column":37}},"type":"binary-expr","locations":[{"start":{"line":44,"column":16},"end":{"line":44,"column":37}},{"start":{"line":44,"column":33},"end":{"line":44,"column":37}}]},"4":{"loc":{"start":{"line":45,"column":10},"end":{"line":45,"column":47}},"type":"default-arg","locations":[{"start":{"line":45,"column":35},"end":{"line":45,"column":47}}]},"5":{"loc":{"start":{"line":53,"column":2},"end":{"line":53,"column":31}},"type":"default-arg","locations":[{"start":{"line":53,"column":29},"end":{"line":53,"column":31}}]}},"s":{"0":2,"1":2,"2":2,"3":2,"4":2,"5":2,"6":10,"7":2,"8":2,"9":2,"10":2,"11":8,"12":6,"13":6,"14":6,"15":6,"16":5},"f":{"0":0,"1":0,"2":8,"3":0,"4":0,"5":8,"6":6,"7":6,"8":5},"b":{"0":[5],"1":[0],"2":[1,5],"3":[6,6],"4":[5],"5":[3]}}
,"/workspace/greenWave/src/registry.ts": {"path":"/workspace/greenWave/src/registry.ts","statementMap":{"0":{"start":{"line":15,"column":0},"end":{"line":15,"column":16}},"1":{"start":{"line":1,"column":0},"end":{"line":1,"column":45}},"2":{"start":{"line":2,"column":0},"end":{"line":2,"column":49}},"3":{"start":{"line":3,"column":0},"end":{"line":3,"column":43}},"4":{"start":{"line":4,"column":0},"end":{"line":4,"column":41}},"5":{"start":{"line":16,"column":2},"end":{"line":21,"column":4}}},"fnMap":{"0":{"name":"createRegistry","decl":{"start":{"line":15,"column":16},"end":{"line":15,"column":30}},"loc":{"start":{"line":15,"column":56},"end":{"line":22,"column":1}}}},"branchMap":{"0":{"loc":{"start":{"line":15,"column":31},"end":{"line":15,"column":56}},"type":"default-arg","locations":[{"start":{"line":15,"column":54},"end":{"line":15,"column":56}}]}},"s":{"0":3,"1":3,"2":3,"3":3,"4":3,"5":9},"f":{"0":9},"b":{"0":[4]}}
,"/workspace/greenWave/src/registryManager.ts": {"path":"/workspace/greenWave/src/registryManager.ts","statementMap":{"0":{"start":{"line":3,"column":0},"end":{"line":3,"column":16}},"1":{"start":{"line":1,"column":0},"end":{"line":1,"column":44}},"2":{"start":{"line":6,"column":52},"end":{"line":6,"column":56}},"3":{"start":{"line":9,"column":4},"end":{"line":9,"column":19}},"4":{"start":{"line":15,"column":16},"end":{"line":15,"column":34}},"5":{"start":{"line":16,"column":4},"end":{"line":16,"column":21}},"6":{"start":{"line":17,"column":4},"end":{"line":17,"column":15}},"7":{"start":{"line":21,"column":4},"end":{"line":21,"column":38}},"8":{"start":{"line":25,"column":4},"end":{"line":25,"column":22}},"9":{"start":{"line":29,"column":4},"end":{"line":29,"column":24}},"10":{"start":{"line":33,"column":4},"end":{"line":33,"column":26}},"11":{"start":{"line":37,"column":4},"end":{"line":37,"column":23}},"12":{"start":{"line":41,"column":4},"end":{"line":41,"column":22}},"13":{"start":{"line":44,"column":2},"end":{"line":53,"column":4}},"14":{"start":{"line":56,"column":13},"end":{"line":64,"column":null}}},"fnMap":{"0":{"name":"createRegistryManager","decl":{"start":{"line":3,"column":16},"end":{"line":3,"column":37}},"loc":{"start":{"line":4,"column":49},"end":{"line":54,"column":1}}},"1":{"name":"setRegistry","decl":{"start":{"line":8,"column":11},"end":{"line":8,"column":22}},"loc":{"start":{"line":8,"column":61},"end":{"line":10,"column":3}}},"2":{"name":"initRegistry","decl":{"start":{"line":12,"column":11},"end":{"line":12,"column":23}},"loc":{"start":{"line":13,"column":45},"end":{"line":18,"column":3}}},"3":{"name":"getRegistry","decl":{"start":{"line":20,"column":11},"end":{"line":20,"column":22}},"loc":{"start":{"line":20,"column":22},"end":{"line":22,"column":3}}},"4":{"name":"resetRegistry","decl":{"start":{"line":24,"column":11},"end":{"line":24,"column":24}},"loc":{"start":{"line":24,"column":24},"end":{"line":26,"column":3}}},"5":{"name":"getCommands","decl":{"start":{"line":28,"column":11},"end":{"line":28,"column":22}},"loc":{"start":{"line":28,"column":42},"end":{"line":30,"column":3}}},"6":{"name":"getProcessors","decl":{"start":{"line":32,"column":11},"end":{"line":32,"column":24}},"loc":{"start":{"line":32,"column":44},"end":{"line":34,"column":3}}},"7":{"name":"getSources","decl":{"start":{"line":36,"column":11},"end":{"line":36,"column":21}},"loc":{"start":{"line":36,"column":41},"end":{"line":38,"column":3}}},"8":{"name":"getStores","decl":{"start":{"line":40,"column":11},"end":{"line":40,"column":20}},"loc":{"start":{"line":40,"column":40},"end":{"line":42,"column":3}}}},"branchMap":{"0":{"loc":{"start":{"line":4,"column":2},"end":{"line":4,"column":49}},"type":"default-arg","locations":[{"start":{"line":4,"column":35},"end":{"line":4,"column":49}}]},"1":{"loc":{"start":{"line":21,"column":11},"end":{"line":21,"column":37}},"type":"cond-expr","locations":[{"start":{"line":21,"column":11},"end":{"line":21,"column":19}},{"start":{"line":21,"column":23},"end":{"line":21,"column":37}}]},"2":{"loc":{"start":{"line":21,"column":11},"end":{"line":21,"column":23}},"type":"binary-expr","locations":[{"start":{"line":21,"column":11},"end":{"line":21,"column":23}},{"start":{"line":21,"column":11},"end":{"line":21,"column":23}}]},"3":{"loc":{"start":{"line":28,"column":23},"end":{"line":28,"column":42}},"type":"default-arg","locations":[{"start":{"line":28,"column":29},"end":{"line":28,"column":42}}]},"4":{"loc":{"start":{"line":32,"column":25},"end":{"line":32,"column":44}},"type":"default-arg","locations":[{"start":{"line":32,"column":31},"end":{"line":32,"column":44}}]},"5":{"loc":{"start":{"line":36,"column":22},"end":{"line":36,"column":41}},"type":"default-arg","locations":[{"start":{"line":36,"column":28},"end":{"line":36,"column":41}}]},"6":{"loc":{"start":{"line":40,"column":21},"end":{"line":40,"column":40}},"type":"default-arg","locations":[{"start":{"line":40,"column":27},"end":{"line":40,"column":40}}]}},"s":{"0":3,"1":3,"2":5,"3":14,"4":7,"5":7,"6":7,"7":8,"8":6,"9":3,"10":0,"11":0,"12":0,"13":5,"14":3},"f":{"0":5,"1":14,"2":7,"3":8,"4":6,"5":3,"6":0,"7":0,"8":0},"b":{"0":[5],"1":[4,4],"2":[8,4],"3":[2],"4":[0],"5":[0],"6":[0]}}
,"/workspace/greenWave/src/components/ui/Card.tsx": {"path":"/workspace/greenWave/src/components/ui/Card.tsx","statementMap":{"0":{"start":{"line":6,"column":0},"end":{"line":6,"column":24}},"1":{"start":{"line":2,"column":0},"end":{"line":2,"column":59}},"2":{"start":{"line":3,"column":0},"end":{"line":3,"column":62}},"3":{"start":{"line":4,"column":0},"end":{"line":4,"column":42}},"4":{"start":{"line":7,"column":22},"end":{"line":7,"column":35}},"5":{"start":{"line":8,"column":2},"end":{"line":13,"column":4}},"6":{"start":{"line":16,"column":15},"end":{"line":21,"column":2}}},"fnMap":{"0":{"name":"Card","decl":{"start":{"line":6,"column":24},"end":{"line":6,"column":28}},"loc":{"start":{"line":6,"column":58},"end":{"line":14,"column":1}}}},"branchMap":{},"s":{"0":1,"1":1,"2":1,"3":1,"4":1,"5":1,"6":1},"f":{"0":1},"b":{}}
,"/workspace/greenWave/src/domain/matching.ts": {"path":"/workspace/greenWave/src/domain/matching.ts","statementMap":{"0":{"start":{"line":34,"column":0},"end":{"line":34,"column":16}},"1":{"start":{"line":4,"column":12},"end":{"line":4,"column":18}},"2":{"start":{"line":5,"column":12},"end":{"line":5,"column":53}},"3":{"start":{"line":6,"column":12},"end":{"line":6,"column":19}},"4":{"start":{"line":7,"column":2},"end":{"line":7,"column":18}},"5":{"start":{"line":15,"column":12},"end":{"line":15,"column":19}},"6":{"start":{"line":16,"column":12},"end":{"line":16,"column":19}},"7":{"start":{"line":17,"column":12},"end":{"line":17,"column":19}},"8":{"start":{"line":18,"column":14},"end":{"line":18,"column":23}},"9":{"start":{"line":19,"column":14},"end":{"line":19,"column":23}},"10":{"start":{"line":20,"column":14},"end":{"line":20,"column":35}},"11":{"start":{"line":21,"column":10},"end":{"line":21,"column":11}},"12":{"start":{"line":22,"column":2},"end":{"line":25,"column":3}},"13":{"start":{"line":23,"column":4},"end":{"line":23,"column":54}},"14":{"start":{"line":24,"column":4},"end":{"line":24,"column":36}},"15":{"start":{"line":26,"column":16},"end":{"line":26,"column":29}},"16":{"start":{"line":27,"column":16},"end":{"line":27,"column":29}},"17":{"start":{"line":28,"column":13},"end":{"line":28,"column":24}},"18":{"start":{"line":29,"column":13},"end":{"line":29,"column":24}},"19":{"start":{"line":30,"column":15},"end":{"line":30,"column":43}},"20":{"start":{"line":31,"column":2},"end":{"line":31,"column":21}},"21":{"start":{"line":38,"column":37},"end":{"line":38,"column":39}},"22":{"start":{"line":39,"column":2},"end":{"line":39,"column":54}},"23":{"start":{"line":39,"column":27},"end":{"line":39,"column":54}},"24":{"start":{"line":44,"column":8},"end":{"line":44,"column":10}},"25":{"start":{"line":45,"column":2},"end":{"line":52,"column":3}},"26":{"start":{"line":45,"column":15},"end":{"line":45,"column":16}},"27":{"start":{"line":46,"column":14},"end":{"line":46,"column":23}},"28":{"start":{"line":47,"column":14},"end":{"line":47,"column":27}},"29":{"start":{"line":48,"column":14},"end":{"line":48,"column":21}},"30":{"start":{"line":49,"column":14},"end":{"line":49,"column":21}},"31":{"start":{"line":50,"column":16},"end":{"line":50,"column":62}},"32":{"start":{"line":51,"column":4},"end":{"line":51,"column":33}},"33":{"start":{"line":54,"column":70},"end":{"line":54,"column":72}},"34":{"start":{"line":55,"column":2},"end":{"line":74,"column":3}},"35":{"start":{"line":56,"column":19},"end":{"line":56,"column":27}},"36":{"start":{"line":57,"column":20},"end":{"line":57,"column":21}},"37":{"start":{"line":58,"column":19},"end":{"line":58,"column":20}},"38":{"start":{"line":59,"column":4},"end":{"line":70,"column":5}},"39":{"start":{"line":60,"column":26},"end":{"line":63,"column":null}},"40":{"start":{"line":65,"column":6},"end":{"line":68,"column":7}},"41":{"start":{"line":66,"column":8},"end":{"line":66,"column":24}},"42":{"start":{"line":67,"column":8},"end":{"line":67,"column":43}},"43":{"start":{"line":69,"column":6},"end":{"line":69,"column":26}},"44":{"start":{"line":71,"column":4},"end":{"line":73,"column":5}},"45":{"start":{"line":72,"column":6},"end":{"line":72,"column":67}},"46":{"start":{"line":76,"column":2},"end":{"line":76,"column":47}},"47":{"start":{"line":76,"column":24},"end":{"line":76,"column":45}},"48":{"start":{"line":77,"column":2},"end":{"line":77,"column":16}}},"fnMap":{"0":{"name":"toXY","decl":{"start":{"line":3,"column":9},"end":{"line":3,"column":13}},"loc":{"start":{"line":3,"column":42},"end":{"line":8,"column":1}}},"1":{"name":"projectPointToSegment","decl":{"start":{"line":10,"column":9},"end":{"line":10,"column":30}},"loc":{"start":{"line":13,"column":21},"end":{"line":32,"column":1}}},"2":{"name":"projectLightsToRoute","decl":{"start":{"line":34,"column":16},"end":{"line":34,"column":36}},"loc":{"start":{"line":36,"column":19},"end":{"line":78,"column":1}}},"3":{"name":"(anonymous_3)","decl":{"start":{"line":76,"column":14},"end":{"line":76,"column":15}},"loc":{"start":{"line":76,"column":24},"end":{"line":76,"column":45}}}},"branchMap":{"0":{"loc":{"start":{"line":22,"column":2},"end":{"line":25,"column":3}},"type":"if","locations":[{"start":{"line":22,"column":2},"end":{"line":25,"column":3}}]},"1":{"loc":{"start":{"line":65,"column":6},"end":{"line":68,"column":7}},"type":"if","locations":[{"start":{"line":65,"column":6},"end":{"line":68,"column":7}}]},"2":{"loc":{"start":{"line":71,"column":4},"end":{"line":73,"column":5}},"type":"if","locations":[{"start":{"line":71,"column":4},"end":{"line":73,"column":5}}]}},"s":{"0":1,"1":11,"2":11,"3":11,"4":11,"5":3,"6":3,"7":3,"8":3,"9":3,"10":3,"11":3,"12":3,"13":3,"14":3,"15":3,"16":3,"17":3,"18":3,"19":3,"20":3,"21":1,"22":1,"23":1,"24":1,"25":1,"26":1,"27":1,"28":1,"29":1,"30":1,"31":1,"32":1,"33":1,"34":1,"35":3,"36":3,"37":3,"38":3,"39":3,"40":3,"41":3,"42":3,"43":3,"44":3,"45":2,"46":1,"47":1,"48":1},"f":{"0":11,"1":3,"2":1,"3":1},"b":{"0":[3],"1":[3],"2":[2]}}
,"/workspace/greenWave/src/features/advice/calcSpeedRange.ts": {"path":"/workspace/greenWave/src/features/advice/calcSpeedRange.ts","statementMap":{"0":{"start":{"line":7,"column":0},"end":{"line":7,"column":16}},"1":{"start":{"line":12,"column":2},"end":{"line":12,"column":66}},"2":{"start":{"line":12,"column":54},"end":{"line":12,"column":66}},"3":{"start":{"line":13,"column":14},"end":{"line":13,"column":36}},"4":{"start":{"line":14,"column":14},"end":{"line":14,"column":38}},"5":{"start":{"line":15,"column":21},"end":{"line":15,"column":52}},"6":{"start":{"line":16,"column":21},"end":{"line":16,"column":52}},"7":{"start":{"line":17,"column":2},"end":{"line":17,"column":43}},"8":{"start":{"line":17,"column":31},"end":{"line":17,"column":43}},"9":{"start":{"line":18,"column":2},"end":{"line":18,"column":46}}},"fnMap":{"0":{"name":"calcSpeedRange","decl":{"start":{"line":7,"column":16},"end":{"line":7,"column":30}},"loc":{"start":{"line":10,"column":15},"end":{"line":19,"column":1}}}},"branchMap":{"0":{"loc":{"start":{"line":12,"column":2},"end":{"line":12,"column":66}},"type":"if","locations":[{"start":{"line":12,"column":2},"end":{"line":12,"column":66}}]},"1":{"loc":{"start":{"line":12,"column":6},"end":{"line":12,"column":52}},"type":"binary-expr","locations":[{"start":{"line":12,"column":6},"end":{"line":12,"column":18}},{"start":{"line":12,"column":22},"end":{"line":12,"column":32}},{"start":{"line":12,"column":36},"end":{"line":12,"column":52}}]},"2":{"loc":{"start":{"line":17,"column":2},"end":{"line":17,"column":43}},"type":"if","locations":[{"start":{"line":17,"column":2},"end":{"line":17,"column":43}}]}},"s":{"0":1,"1":4,"2":2,"3":2,"4":2,"5":2,"6":2,"7":2,"8":0,"9":2},"f":{"0":4},"b":{"0":[2],"1":[4,3,3],"2":[0]}}
,"/workspace/greenWave/src/features/lights/LightStatusBadge.tsx": {"path":"/workspace/greenWave/src/features/lights/LightStatusBadge.tsx","statementMap":{"0":{"start":{"line":11,"column":0},"end":{"line":11,"column":16}},"1":{"start":{"line":1,"column":0},"end":{"line":1,"column":59}},"2":{"start":{"line":2,"column":0},"end":{"line":2,"column":54}},"3":{"start":{"line":3,"column":0},"end":{"line":3,"column":72}},"4":{"start":{"line":5,"column":16},"end":{"line":5,"column":27}},"5":{"start":{"line":12,"column":28},"end":{"line":12,"column":64}},"6":{"start":{"line":13,"column":18},"end":{"line":13,"column":52}},"7":{"start":{"line":14,"column":32},"end":{"line":14,"column":43}},"8":{"start":{"line":16,"column":2},"end":{"line":53,"column":16}},"9":{"start":{"line":17,"column":18},"end":{"line":17,"column":22}},"10":{"start":{"line":19,"column":22},"end":{"line":19,"column":53}},"11":{"start":{"line":20,"column":6},"end":{"line":20,"column":39}},"12":{"start":{"line":20,"column":32},"end":{"line":20,"column":39}},"13":{"start":{"line":21,"column":6},"end":{"line":21,"column":24}},"14":{"start":{"line":22,"column":23},"end":{"line":24,"column":null}},"15":{"start":{"line":26,"column":6},"end":{"line":26,"column":46}},"16":{"start":{"line":26,"column":19},"end":{"line":26,"column":46}},"17":{"start":{"line":27,"column":6},"end":{"line":27,"column":45}},"18":{"start":{"line":29,"column":4},"end":{"line":29,"column":11}},"19":{"start":{"line":30,"column":15},"end":{"line":48,"column":12}},"20":{"start":{"line":31,"column":6},"end":{"line":47,"column":9}},"21":{"start":{"line":32,"column":8},"end":{"line":45,"column":9}},"22":{"start":{"line":33,"column":23},"end":{"line":33,"column":38}},"23":{"start":{"line":34,"column":10},"end":{"line":43,"column":11}},"24":{"start":{"line":35,"column":12},"end":{"line":35,"column":27}},"25":{"start":{"line":36,"column":12},"end":{"line":41,"column":15}},"26":{"start":{"line":40,"column":14},"end":{"line":40,"column":34}},"27":{"start":{"line":42,"column":12},"end":{"line":42,"column":43}},"28":{"start":{"line":44,"column":10},"end":{"line":44,"column":19}},"29":{"start":{"line":46,"column":8},"end":{"line":46,"column":21}},"30":{"start":{"line":49,"column":4},"end":{"line":52,"column":6}},"31":{"start":{"line":50,"column":6},"end":{"line":50,"column":22}},"32":{"start":{"line":51,"column":6},"end":{"line":51,"column":24}},"33":{"start":{"line":55,"column":2},"end":{"line":55,"column":26}},"34":{"start":{"line":55,"column":14},"end":{"line":55,"column":26}},"35":{"start":{"line":58,"column":4},"end":{"line":62,"column":14}},"36":{"start":{"line":64,"column":2},"end":{"line":70,"column":4}},"37":{"start":{"line":73,"column":15},"end":{"line":79,"column":2}}},"fnMap":{"0":{"name":"LightStatusBadge","decl":{"start":{"line":11,"column":16},"end":{"line":11,"column":32}},"loc":{"start":{"line":11,"column":51},"end":{"line":71,"column":1}}},"1":{"name":"(anonymous_1)","decl":{"start":{"line":16,"column":12},"end":{"line":16,"column":15}},"loc":{"start":{"line":16,"column":17},"end":{"line":53,"column":3}}},"2":{"name":"load","decl":{"start":{"line":18,"column":19},"end":{"line":18,"column":23}},"loc":{"start":{"line":18,"column":23},"end":{"line":28,"column":5}}},"3":{"name":"(anonymous_3)","decl":{"start":{"line":30,"column":27},"end":{"line":30,"column":30}},"loc":{"start":{"line":30,"column":32},"end":{"line":48,"column":5}}},"4":{"name":"(anonymous_4)","decl":{"start":{"line":31,"column":17},"end":{"line":31,"column":18}},"loc":{"start":{"line":31,"column":23},"end":{"line":47,"column":7}}},"5":{"name":"(anonymous_5)","decl":{"start":{"line":39,"column":19},"end":{"line":39,"column":20}},"loc":{"start":{"line":39,"column":25},"end":{"line":41,"column":13}}},"6":{"name":"(anonymous_6)","decl":{"start":{"line":49,"column":11},"end":{"line":49,"column":14}},"loc":{"start":{"line":49,"column":16},"end":{"line":52,"column":5}}}},"branchMap":{"0":{"loc":{"start":{"line":20,"column":6},"end":{"line":20,"column":39}},"type":"if","locations":[{"start":{"line":20,"column":6},"end":{"line":20,"column":39}}]},"1":{"loc":{"start":{"line":20,"column":10},"end":{"line":20,"column":30}},"type":"binary-expr","locations":[{"start":{"line":20,"column":10},"end":{"line":20,"column":18}},{"start":{"line":20,"column":22},"end":{"line":20,"column":30}}]},"2":{"loc":{"start":{"line":26,"column":6},"end":{"line":26,"column":46}},"type":"if","locations":[{"start":{"line":26,"column":6},"end":{"line":26,"column":46}}]},"3":{"loc":{"start":{"line":32,"column":8},"end":{"line":45,"column":9}},"type":"if","locations":[{"start":{"line":32,"column":8},"end":{"line":45,"column":9}}]},"4":{"loc":{"start":{"line":34,"column":10},"end":{"line":43,"column":11}},"type":"if","locations":[{"start":{"line":34,"column":10},"end":{"line":43,"column":11}}]},"5":{"loc":{"start":{"line":55,"column":2},"end":{"line":55,"column":26}},"type":"if","locations":[{"start":{"line":55,"column":2},"end":{"line":55,"column":26}}]},"6":{"loc":{"start":{"line":58,"column":4},"end":{"line":62,"column":14}},"type":"cond-expr","locations":[{"start":{"line":59,"column":8},"end":{"line":59,"column":12}},{"start":{"line":60,"column":8},"end":{"line":62,"column":14}}]},"7":{"loc":{"start":{"line":60,"column":8},"end":{"line":62,"column":14}},"type":"cond-expr","locations":[{"start":{"line":61,"column":10},"end":{"line":61,"column":14}},{"start":{"line":62,"column":10},"end":{"line":62,"column":14}}]}},"s":{"0":1,"1":1,"2":1,"3":1,"4":1,"5":4,"6":4,"7":4,"8":4,"9":1,"10":1,"11":1,"12":0,"13":1,"14":1,"15":1,"16":1,"17":1,"18":1,"19":1,"20":2,"21":2,"22":1,"23":1,"24":1,"25":1,"26":1,"27":1,"28":0,"29":1,"30":1,"31":1,"32":1,"33":4,"34":1,"35":3,"36":3,"37":1},"f":{"0":4,"1":1,"2":1,"3":2,"4":2,"5":1,"6":1},"b":{"0":[0],"1":[1,1],"2":[1],"3":[1],"4":[1],"5":[1],"6":[2,1],"7":[1,0]}}
,"/workspace/greenWave/src/features/navigation/advisor.ts": {"path":"/workspace/greenWave/src/features/navigation/advisor.ts","statementMap":{"0":{"start":{"line":4,"column":0},"end":{"line":4,"column":16}},"1":{"start":{"line":60,"column":0},"end":{"line":60,"column":16}},"2":{"start":{"line":2,"column":0},"end":{"line":2,"column":42}},"3":{"start":{"line":17,"column":21},"end":{"line":17,"column":65}},"4":{"start":{"line":17,"column":58},"end":{"line":17,"column":64}},"5":{"start":{"line":18,"column":2},"end":{"line":22,"column":6}},"6":{"start":{"line":19,"column":4},"end":{"line":22,"column":6}},"7":{"start":{"line":28,"column":6},"end":{"line":32,"column":4}},"8":{"start":{"line":33,"column":2},"end":{"line":56,"column":3}},"9":{"start":{"line":34,"column":16},"end":{"line":34,"column":17}},"10":{"start":{"line":35,"column":18},"end":{"line":35,"column":22}},"11":{"start":{"line":36,"column":4},"end":{"line":47,"column":5}},"12":{"start":{"line":36,"column":17},"end":{"line":36,"column":18}},"13":{"start":{"line":37,"column":16},"end":{"line":37,"column":32}},"14":{"start":{"line":38,"column":6},"end":{"line":38,"column":29}},"15":{"start":{"line":38,"column":20},"end":{"line":38,"column":29}},"16":{"start":{"line":39,"column":20},"end":{"line":39,"column":41}},"17":{"start":{"line":40,"column":17},"end":{"line":40,"column":50}},"18":{"start":{"line":41,"column":18},"end":{"line":41,"column":57}},"19":{"start":{"line":42,"column":20},"end":{"line":42,"column":58}},"20":{"start":{"line":43,"column":23},"end":{"line":43,"column":62}},"21":{"start":{"line":44,"column":20},"end":{"line":44,"column":54}},"22":{"start":{"line":45,"column":6},"end":{"line":46,"column":42}},"23":{"start":{"line":45,"column":17},"end":{"line":45,"column":34}},"24":{"start":{"line":46,"column":11},"end":{"line":46,"column":42}},"25":{"start":{"line":46,"column":24},"end":{"line":46,"column":42}},"26":{"start":{"line":49,"column":6},"end":{"line":49,"column":66}},"27":{"start":{"line":50,"column":4},"end":{"line":55,"column":8}},"28":{"start":{"line":51,"column":6},"end":{"line":55,"column":8}},"29":{"start":{"line":57,"column":2},"end":{"line":57,"column":54}},"30":{"start":{"line":65,"column":2},"end":{"line":65,"column":38}},"31":{"start":{"line":65,"column":26},"end":{"line":65,"column":38}},"32":{"start":{"line":66,"column":2},"end":{"line":66,"column":53}},"33":{"start":{"line":66,"column":37},"end":{"line":66,"column":53}},"34":{"start":{"line":67,"column":2},"end":{"line":67,"column":14}}},"fnMap":{"0":{"name":"pickSpeed","decl":{"start":{"line":4,"column":16},"end":{"line":4,"column":25}},"loc":{"start":{"line":12,"column":18},"end":{"line":58,"column":1}}},"1":{"name":"(anonymous_1)","decl":{"start":{"line":17,"column":48},"end":{"line":17,"column":49}},"loc":{"start":{"line":17,"column":58},"end":{"line":17,"column":64}}},"2":{"name":"applyHysteresis","decl":{"start":{"line":60,"column":16},"end":{"line":60,"column":31}},"loc":{"start":{"line":63,"column":28},"end":{"line":68,"column":1}}}},"branchMap":{"0":{"loc":{"start":{"line":18,"column":2},"end":{"line":22,"column":6}},"type":"if","locations":[{"start":{"line":18,"column":2},"end":{"line":22,"column":6}}]},"1":{"loc":{"start":{"line":20,"column":56},"end":{"line":20,"column":70}},"type":"binary-expr","locations":[{"start":{"line":20,"column":56},"end":{"line":20,"column":64}},{"start":{"line":20,"column":68},"end":{"line":20,"column":70}}]},"2":{"loc":{"start":{"line":38,"column":6},"end":{"line":38,"column":29}},"type":"if","locations":[{"start":{"line":38,"column":6},"end":{"line":38,"column":29}}]},"3":{"loc":{"start":{"line":44,"column":20},"end":{"line":44,"column":54}},"type":"binary-expr","locations":[{"start":{"line":44,"column":20},"end":{"line":44,"column":35}},{"start":{"line":44,"column":39},"end":{"line":44,"column":54}}]},"4":{"loc":{"start":{"line":45,"column":6},"end":{"line":46,"column":42}},"type":"if","locations":[{"start":{"line":45,"column":6},"end":{"line":46,"column":42}},{"start":{"line":46,"column":11},"end":{"line":46,"column":42}}]},"5":{"loc":{"start":{"line":46,"column":11},"end":{"line":46,"column":42}},"type":"if","locations":[{"start":{"line":46,"column":11},"end":{"line":46,"column":42}}]},"6":{"loc":{"start":{"line":49,"column":7},"end":{"line":49,"column":28}},"type":"cond-expr","locations":[{"start":{"line":49,"column":19},"end":{"line":49,"column":24}},{"start":{"line":49,"column":27},"end":{"line":49,"column":28}}]},"7":{"loc":{"start":{"line":50,"column":4},"end":{"line":55,"column":8}},"type":"if","locations":[{"start":{"line":50,"column":4},"end":{"line":55,"column":8}}]},"8":{"loc":{"start":{"line":54,"column":16},"end":{"line":54,"column":60}},"type":"cond-expr","locations":[{"start":{"line":54,"column":28},"end":{"line":54,"column":43}},{"start":{"line":54,"column":46},"end":{"line":54,"column":60}}]},"9":{"loc":{"start":{"line":65,"column":2},"end":{"line":65,"column":38}},"type":"if","locations":[{"start":{"line":65,"column":2},"end":{"line":65,"column":38}}]},"10":{"loc":{"start":{"line":66,"column":2},"end":{"line":66,"column":53}},"type":"if","locations":[{"start":{"line":66,"column":2},"end":{"line":66,"column":53}}]}},"s":{"0":5,"1":5,"2":5,"3":5,"4":305,"5":5,"6":1,"7":4,"8":4,"9":244,"10":244,"11":244,"12":244,"13":244,"14":244,"15":0,"16":244,"17":244,"18":244,"19":244,"20":244,"21":244,"22":244,"23":36,"24":208,"25":208,"26":244,"27":244,"28":18,"29":4,"30":4,"31":1,"32":3,"33":2,"34":1},"f":{"0":5,"1":305,"2":4},"b":{"0":[1],"1":[1,0],"2":[0],"3":[244,104],"4":[36,208],"5":[208],"6":[36,208],"7":[18],"8":[18,0],"9":[1],"10":[2]}}
,"/workspace/greenWave/src/features/navigation/cloneNavigationState.ts": {"path":"/workspace/greenWave/src/features/navigation/cloneNavigationState.ts","statementMap":{"0":{"start":{"line":3,"column":36},"end":{"line":4,"column":35}},"1":{"start":{"line":4,"column":2},"end":{"line":4,"column":35}},"2":{"start":{"line":3,"column":13},"end":{"line":3,"column":36}}},"fnMap":{"0":{"name":"(anonymous_0)","decl":{"start":{"line":3,"column":36},"end":{"line":3,"column":37}},"loc":{"start":{"line":4,"column":2},"end":{"line":4,"column":35}}}},"branchMap":{},"s":{"0":3,"1":8,"2":3},"f":{"0":8},"b":{}}
,"/workspace/greenWave/src/features/navigation/computeRecommendation.ts": {"path":"/workspace/greenWave/src/features/navigation/computeRecommendation.ts","statementMap":{"0":{"start":{"line":5,"column":0},"end":{"line":5,"column":16}},"1":{"start":{"line":1,"column":0},"end":{"line":1,"column":55}},"2":{"start":{"line":2,"column":0},"end":{"line":2,"column":50}},"3":{"start":{"line":11,"column":2},"end":{"line":13,"column":3}},"4":{"start":{"line":12,"column":4},"end":{"line":12,"column":79}},"5":{"start":{"line":14,"column":14},"end":{"line":14,"column":63}},"6":{"start":{"line":15,"column":45},"end":{"line":18,"column":null}},"7":{"start":{"line":20,"column":22},"end":{"line":22,"column":21}},"8":{"start":{"line":23,"column":2},"end":{"line":23,"column":38}}},"fnMap":{"0":{"name":"computeRecommendation","decl":{"start":{"line":5,"column":16},"end":{"line":5,"column":37}},"loc":{"start":{"line":9,"column":25},"end":{"line":24,"column":1}}}},"branchMap":{"0":{"loc":{"start":{"line":11,"column":2},"end":{"line":13,"column":3}},"type":"if","locations":[{"start":{"line":11,"column":2},"end":{"line":13,"column":3}}]},"1":{"loc":{"start":{"line":20,"column":22},"end":{"line":22,"column":21}},"type":"cond-expr","locations":[{"start":{"line":21,"column":6},"end":{"line":21,"column":74}},{"start":{"line":22,"column":6},"end":{"line":22,"column":21}}]}},"s":{"0":4,"1":4,"2":4,"3":3,"4":1,"5":2,"6":2,"7":2,"8":2},"f":{"0":3},"b":{"0":[1],"1":[1,1]}}
,"/workspace/greenWave/src/features/navigation/getNearestInfo.ts": {"path":"/workspace/greenWave/src/features/navigation/getNearestInfo.ts","statementMap":{"0":{"start":{"line":4,"column":0},"end":{"line":4,"column":16}},"1":{"start":{"line":1,"column":0},"end":{"line":1,"column":42}},"2":{"start":{"line":9,"column":20},"end":{"line":9,"column":40}},"3":{"start":{"line":10,"column":26},"end":{"line":10,"column":31}},"4":{"start":{"line":11,"column":2},"end":{"line":22,"column":3}},"5":{"start":{"line":12,"column":21},"end":{"line":12,"column":48}},"6":{"start":{"line":13,"column":15},"end":{"line":13,"column":54}},"7":{"start":{"line":14,"column":16},"end":{"line":14,"column":71}},"8":{"start":{"line":15,"column":18},"end":{"line":15,"column":65}},"9":{"start":{"line":16,"column":21},"end":{"line":16,"column":72}},"10":{"start":{"line":17,"column":4},"end":{"line":17,"column":59}},"11":{"start":{"line":18,"column":23},"end":{"line":18,"column":24}},"12":{"start":{"line":19,"column":4},"end":{"line":20,"column":62}},"13":{"start":{"line":19,"column":20},"end":{"line":19,"column":46}},"14":{"start":{"line":20,"column":9},"end":{"line":20,"column":62}},"15":{"start":{"line":20,"column":25},"end":{"line":20,"column":62}},"16":{"start":{"line":21,"column":4},"end":{"line":21,"column":63}},"17":{"start":{"line":23,"column":2},"end":{"line":23,"column":44}}},"fnMap":{"0":{"name":"getNearestInfo","decl":{"start":{"line":4,"column":16},"end":{"line":4,"column":30}},"loc":{"start":{"line":7,"column":16},"end":{"line":24,"column":1}}}},"branchMap":{"0":{"loc":{"start":{"line":11,"column":2},"end":{"line":22,"column":3}},"type":"if","locations":[{"start":{"line":11,"column":2},"end":{"line":22,"column":3}}]},"1":{"loc":{"start":{"line":11,"column":6},"end":{"line":11,"column":32}},"type":"binary-expr","locations":[{"start":{"line":11,"column":6},"end":{"line":11,"column":13}},{"start":{"line":11,"column":17},"end":{"line":11,"column":32}}]},"2":{"loc":{"start":{"line":17,"column":24},"end":{"line":17,"column":58}},"type":"binary-expr","locations":[{"start":{"line":17,"column":24},"end":{"line":17,"column":39}},{"start":{"line":17,"column":43},"end":{"line":17,"column":58}}]},"3":{"loc":{"start":{"line":19,"column":4},"end":{"line":20,"column":62}},"type":"if","locations":[{"start":{"line":19,"column":4},"end":{"line":20,"column":62}},{"start":{"line":20,"column":9},"end":{"line":20,"column":62}}]},"4":{"loc":{"start":{"line":20,"column":9},"end":{"line":20,"column":62}},"type":"if","locations":[{"start":{"line":20,"column":9},"end":{"line":20,"column":62}}]}},"s":{"0":5,"1":5,"2":7,"3":7,"4":7,"5":4,"6":4,"7":4,"8":4,"9":4,"10":4,"11":4,"12":4,"13":0,"14":4,"15":0,"16":4,"17":7},"f":{"0":7},"b":{"0":[4],"1":[7,6],"2":[4,4],"3":[0,4],"4":[0]}}
,"/workspace/greenWave/src/features/navigation/index.ts": {"path":"/workspace/greenWave/src/features/navigation/index.ts","statementMap":{"0":{"start":{"line":2,"column":0},"end":{"line":2,"column":62}},"1":{"start":{"line":4,"column":37},"end":{"line":6,"column":1}},"2":{"start":{"line":5,"column":2},"end":{"line":5,"column":28}},"3":{"start":{"line":4,"column":13},"end":{"line":4,"column":37}},"4":{"start":{"line":24,"column":13},"end":{"line":38,"column":2}},"5":{"start":{"line":40,"column":32},"end":{"line":42,"column":49}},"6":{"start":{"line":42,"column":22},"end":{"line":42,"column":49}},"7":{"start":{"line":40,"column":13},"end":{"line":40,"column":32}},"8":{"start":{"line":51,"column":0},"end":{"line":51,"column":9}},"9":{"start":{"line":51,"column":9},"end":{"line":51,"column":50}},"10":{"start":{"line":52,"column":0},"end":{"line":52,"column":9}},"11":{"start":{"line":52,"column":9},"end":{"line":52,"column":64}},"12":{"start":{"line":53,"column":0},"end":{"line":53,"column":9}},"13":{"start":{"line":53,"column":9},"end":{"line":53,"column":62}}},"fnMap":{"0":{"name":"(anonymous_0)","decl":{"start":{"line":4,"column":37},"end":{"line":4,"column":38}},"loc":{"start":{"line":4,"column":78},"end":{"line":6,"column":1}}},"1":{"name":"(anonymous_1)","decl":{"start":{"line":40,"column":32},"end":{"line":40,"column":null}},"loc":{"start":{"line":42,"column":22},"end":{"line":42,"column":49}}},"2":{"name":"(anonymous_2)","decl":{"start":{"line":51,"column":9},"end":{"line":51,"column":23}},"loc":{"start":{"line":51,"column":9},"end":{"line":51,"column":50}}},"3":{"name":"(anonymous_3)","decl":{"start":{"line":52,"column":9},"end":{"line":52,"column":30}},"loc":{"start":{"line":52,"column":9},"end":{"line":52,"column":64}}},"4":{"name":"(anonymous_4)","decl":{"start":{"line":53,"column":9},"end":{"line":53,"column":29}},"loc":{"start":{"line":53,"column":9},"end":{"line":53,"column":62}}}},"branchMap":{"0":{"loc":{"start":{"line":41,"column":2},"end":{"line":41,"column":39}},"type":"default-arg","locations":[{"start":{"line":41,"column":27},"end":{"line":41,"column":39}}]}},"s":{"0":3,"1":3,"2":2,"3":3,"4":3,"5":3,"6":1,"7":3,"8":3,"9":5,"10":3,"11":5,"12":3,"13":4},"f":{"0":2,"1":1,"2":2,"3":2,"4":1},"b":{"0":[0]}}
,"/workspace/greenWave/src/features/navigation/phases.ts": {"path":"/workspace/greenWave/src/features/navigation/phases.ts","statementMap":{"0":{"start":{"line":3,"column":0},"end":{"line":3,"column":16}},"1":{"start":{"line":12,"column":0},"end":{"line":12,"column":16}},"2":{"start":{"line":7,"column":2},"end":{"line":7,"column":64}},"3":{"start":{"line":7,"column":22},"end":{"line":7,"column":64}},"4":{"start":{"line":8,"column":2},"end":{"line":8,"column":79}},"5":{"start":{"line":8,"column":27},"end":{"line":8,"column":79}},"6":{"start":{"line":9,"column":2},"end":{"line":9,"column":42}},"7":{"start":{"line":17,"column":2},"end":{"line":17,"column":28}},"8":{"start":{"line":17,"column":14},"end":{"line":17,"column":28}},"9":{"start":{"line":18,"column":19},"end":{"line":18,"column":38}},"10":{"start":{"line":19,"column":13},"end":{"line":19,"column":44}},"11":{"start":{"line":20,"column":16},"end":{"line":20,"column":66}},"12":{"start":{"line":21,"column":19},"end":{"line":21,"column":45}},"13":{"start":{"line":22,"column":18},"end":{"line":22,"column":44}},"14":{"start":{"line":23,"column":2},"end":{"line":23,"column":61}},"15":{"start":{"line":23,"column":28},"end":{"line":23,"column":61}},"16":{"start":{"line":24,"column":2},"end":{"line":24,"column":61}},"17":{"start":{"line":24,"column":27},"end":{"line":24,"column":61}},"18":{"start":{"line":25,"column":2},"end":{"line":25,"column":56}},"19":{"start":{"line":25,"column":22},"end":{"line":25,"column":56}},"20":{"start":{"line":26,"column":2},"end":{"line":26,"column":16}}},"fnMap":{"0":{"name":"getGreenWindow","decl":{"start":{"line":3,"column":16},"end":{"line":3,"column":30}},"loc":{"start":{"line":5,"column":16},"end":{"line":10,"column":1}}},"1":{"name":"mapColorForRuntime","decl":{"start":{"line":12,"column":16},"end":{"line":12,"column":34}},"loc":{"start":{"line":15,"column":16},"end":{"line":27,"column":1}}}},"branchMap":{"0":{"loc":{"start":{"line":7,"column":2},"end":{"line":7,"column":64}},"type":"if","locations":[{"start":{"line":7,"column":2},"end":{"line":7,"column":64}}]},"1":{"loc":{"start":{"line":8,"column":2},"end":{"line":8,"column":79}},"type":"if","locations":[{"start":{"line":8,"column":2},"end":{"line":8,"column":79}}]},"2":{"loc":{"start":{"line":17,"column":2},"end":{"line":17,"column":28}},"type":"if","locations":[{"start":{"line":17,"column":2},"end":{"line":17,"column":28}}]},"3":{"loc":{"start":{"line":22,"column":18},"end":{"line":22,"column":44}},"type":"binary-expr","locations":[{"start":{"line":22,"column":18},"end":{"line":22,"column":29}},{"start":{"line":22,"column":33},"end":{"line":22,"column":44}}]},"4":{"loc":{"start":{"line":23,"column":2},"end":{"line":23,"column":61}},"type":"if","locations":[{"start":{"line":23,"column":2},"end":{"line":23,"column":61}}]},"5":{"loc":{"start":{"line":23,"column":35},"end":{"line":23,"column":60}},"type":"cond-expr","locations":[{"start":{"line":23,"column":45},"end":{"line":23,"column":51}},{"start":{"line":23,"column":54},"end":{"line":23,"column":60}}]},"6":{"loc":{"start":{"line":24,"column":2},"end":{"line":24,"column":61}},"type":"if","locations":[{"start":{"line":24,"column":2},"end":{"line":24,"column":61}}]},"7":{"loc":{"start":{"line":24,"column":34},"end":{"line":24,"column":60}},"type":"cond-expr","locations":[{"start":{"line":24,"column":44},"end":{"line":24,"column":51}},{"start":{"line":24,"column":54},"end":{"line":24,"column":60}}]},"8":{"loc":{"start":{"line":25,"column":2},"end":{"line":25,"column":56}},"type":"if","locations":[{"start":{"line":25,"column":2},"end":{"line":25,"column":56}}]},"9":{"loc":{"start":{"line":25,"column":29},"end":{"line":25,"column":55}},"type":"cond-expr","locations":[{"start":{"line":25,"column":39},"end":{"line":25,"column":46}},{"start":{"line":25,"column":49},"end":{"line":25,"column":55}}]}},"s":{"0":8,"1":8,"2":257,"3":251,"4":6,"5":3,"6":3,"7":8,"8":2,"9":6,"10":6,"11":6,"12":6,"13":6,"14":6,"15":2,"16":4,"17":2,"18":2,"19":2,"20":0},"f":{"0":257,"1":8},"b":{"0":[251],"1":[3],"2":[2],"3":[6,5],"4":[2],"5":[1,1],"6":[2],"7":[1,1],"8":[2],"9":[1,1]}}
,"/workspace/greenWave/src/features/navigation/services/ors.ts": {"path":"/workspace/greenWave/src/features/navigation/services/ors.ts","statementMap":{"0":{"start":{"line":23,"column":0},"end":{"line":23,"column":7}},"1":{"start":{"line":1,"column":0},"end":{"line":1,"column":52}},"2":{"start":{"line":27,"column":17},"end":{"line":27,"column":52}},"3":{"start":{"line":28,"column":2},"end":{"line":30,"column":3}},"4":{"start":{"line":29,"column":4},"end":{"line":29,"column":59}},"5":{"start":{"line":32,"column":14},"end":{"line":32,"column":154}},"6":{"start":{"line":35,"column":2},"end":{"line":42,"column":3}},"7":{"start":{"line":36,"column":4},"end":{"line":38,"column":7}},"8":{"start":{"line":40,"column":20},"end":{"line":40,"column":68}},"9":{"start":{"line":41,"column":4},"end":{"line":41,"column":57}},"10":{"start":{"line":44,"column":15},"end":{"line":44,"column":31}},"11":{"start":{"line":45,"column":18},"end":{"line":45,"column":36}},"12":{"start":{"line":46,"column":2},"end":{"line":48,"column":3}},"13":{"start":{"line":47,"column":4},"end":{"line":47,"column":39}},"14":{"start":{"line":49,"column":27},"end":{"line":53,"column":null}},"15":{"start":{"line":50,"column":39},"end":{"line":53,"column":6}},"16":{"start":{"line":64,"column":4},"end":{"line":70,"column":13}},"17":{"start":{"line":64,"column":67},"end":{"line":70,"column":6}},"18":{"start":{"line":71,"column":2},"end":{"line":76,"column":4}}},"fnMap":{"0":{"name":"getRoute","decl":{"start":{"line":23,"column":22},"end":{"line":23,"column":30}},"loc":{"start":{"line":25,"column":13},"end":{"line":77,"column":1}}},"1":{"name":"(anonymous_1)","decl":{"start":{"line":50,"column":4},"end":{"line":50,"column":5}},"loc":{"start":{"line":50,"column":39},"end":{"line":53,"column":6}}},"2":{"name":"(anonymous_2)","decl":{"start":{"line":64,"column":50},"end":{"line":64,"column":51}},"loc":{"start":{"line":64,"column":67},"end":{"line":70,"column":6}}}},"branchMap":{"0":{"loc":{"start":{"line":28,"column":2},"end":{"line":30,"column":3}},"type":"if","locations":[{"start":{"line":28,"column":2},"end":{"line":30,"column":3}}]},"1":{"loc":{"start":{"line":40,"column":20},"end":{"line":40,"column":68}},"type":"cond-expr","locations":[{"start":{"line":40,"column":43},"end":{"line":40,"column":54}},{"start":{"line":40,"column":57},"end":{"line":40,"column":68}}]},"2":{"loc":{"start":{"line":45,"column":18},"end":{"line":45,"column":36}},"type":"cond-expr","locations":[{"start":{"line":45,"column":31},"end":{"line":45,"column":34}},{"start":{"line":45,"column":31},"end":{"line":45,"column":36}}]},"3":{"loc":{"start":{"line":45,"column":18},"end":{"line":45,"column":34}},"type":"binary-expr","locations":[{"start":{"line":45,"column":18},"end":{"line":45,"column":34}},{"start":{"line":45,"column":31},"end":{"line":45,"column":34}}]},"4":{"loc":{"start":{"line":46,"column":2},"end":{"line":48,"column":3}},"type":"if","locations":[{"start":{"line":46,"column":2},"end":{"line":48,"column":3}}]},"5":{"loc":{"start":{"line":64,"column":4},"end":{"line":70,"column":13}},"type":"binary-expr","locations":[{"start":{"line":64,"column":4},"end":{"line":70,"column":7}},{"start":{"line":70,"column":11},"end":{"line":70,"column":13}}]},"6":{"loc":{"start":{"line":64,"column":4},"end":{"line":70,"column":7}},"type":"cond-expr","locations":[{"start":{"line":64,"column":44},"end":{"line":64,"column":46}},{"start":{"line":64,"column":44},"end":{"line":70,"column":7}}]},"7":{"loc":{"start":{"line":64,"column":4},"end":{"line":64,"column":46}},"type":"binary-expr","locations":[{"start":{"line":64,"column":4},"end":{"line":64,"column":46}},{"start":{"line":64,"column":44},"end":{"line":64,"column":46}}]},"8":{"loc":{"start":{"line":64,"column":4},"end":{"line":64,"column":44}},"type":"cond-expr","locations":[{"start":{"line":64,"column":37},"end":{"line":64,"column":39}},{"start":{"line":64,"column":37},"end":{"line":64,"column":44}}]},"9":{"loc":{"start":{"line":64,"column":4},"end":{"line":64,"column":39}},"type":"binary-expr","locations":[{"start":{"line":64,"column":4},"end":{"line":64,"column":39}},{"start":{"line":64,"column":37},"end":{"line":64,"column":39}}]},"10":{"loc":{"start":{"line":64,"column":4},"end":{"line":64,"column":37}},"type":"cond-expr","locations":[{"start":{"line":64,"column":32},"end":{"line":64,"column":35}},{"start":{"line":64,"column":32},"end":{"line":64,"column":37}}]},"11":{"loc":{"start":{"line":64,"column":4},"end":{"line":64,"column":35}},"type":"binary-expr","locations":[{"start":{"line":64,"column":4},"end":{"line":64,"column":35}},{"start":{"line":64,"column":32},"end":{"line":64,"column":35}}]},"12":{"loc":{"start":{"line":64,"column":4},"end":{"line":64,"column":32}},"type":"cond-expr","locations":[{"start":{"line":64,"column":22},"end":{"line":64,"column":24}},{"start":{"line":64,"column":22},"end":{"line":64,"column":32}}]},"13":{"loc":{"start":{"line":64,"column":4},"end":{"line":64,"column":24}},"type":"binary-expr","locations":[{"start":{"line":64,"column":4},"end":{"line":64,"column":24}},{"start":{"line":64,"column":22},"end":{"line":64,"column":24}}]},"14":{"loc":{"start":{"line":69,"column":13},"end":{"line":69,"column":42}},"type":"binary-expr","locations":[{"start":{"line":69,"column":13},"end":{"line":69,"column":20}},{"start":{"line":69,"column":24},"end":{"line":69,"column":37}},{"start":{"line":69,"column":41},"end":{"line":69,"column":42}}]}},"s":{"0":1,"1":1,"2":3,"3":3,"4":1,"5":2,"6":2,"7":2,"8":1,"9":1,"10":1,"11":1,"12":1,"13":0,"14":1,"15":2,"16":1,"17":1,"18":1},"f":{"0":3,"1":2,"2":1},"b":{"0":[1],"1":[1,0],"2":[0,1],"3":[1,1],"4":[0],"5":[1,0],"6":[0,1],"7":[1,1],"8":[0,1],"9":[1,1],"10":[0,1],"11":[1,1],"12":[0,1],"13":[1,1],"14":[1,0,0]}}
,"/workspace/greenWave/src/features/navigation/services/routeCache.ts": {"path":"/workspace/greenWave/src/features/navigation/services/routeCache.ts","statementMap":{"0":{"start":{"line":6,"column":0},"end":{"line":6,"column":7}},"1":{"start":{"line":16,"column":0},"end":{"line":16,"column":7}},"2":{"start":{"line":1,"column":0},"end":{"line":1,"column":69}},"3":{"start":{"line":4,"column":12},"end":{"line":4,"column":27}},"4":{"start":{"line":7,"column":15},"end":{"line":7,"column":46}},"5":{"start":{"line":8,"column":2},"end":{"line":8,"column":25}},"6":{"start":{"line":8,"column":13},"end":{"line":8,"column":25}},"7":{"start":{"line":9,"column":2},"end":{"line":13,"column":3}},"8":{"start":{"line":10,"column":4},"end":{"line":10,"column":43}},"9":{"start":{"line":12,"column":4},"end":{"line":12,"column":16}},"10":{"start":{"line":17,"column":2},"end":{"line":17,"column":57}}},"fnMap":{"0":{"name":"loadRoute","decl":{"start":{"line":6,"column":22},"end":{"line":6,"column":31}},"loc":{"start":{"line":6,"column":31},"end":{"line":14,"column":1}}},"1":{"name":"saveRoute","decl":{"start":{"line":16,"column":22},"end":{"line":16,"column":31}},"loc":{"start":{"line":16,"column":50},"end":{"line":18,"column":1}}}},"branchMap":{"0":{"loc":{"start":{"line":8,"column":2},"end":{"line":8,"column":25}},"type":"if","locations":[{"start":{"line":8,"column":2},"end":{"line":8,"column":25}}]}},"s":{"0":1,"1":1,"2":1,"3":1,"4":2,"5":2,"6":1,"7":1,"8":1,"9":0,"10":1},"f":{"0":2,"1":1},"b":{"0":[1]}}
,"/workspace/greenWave/src/features/navigation/ui/CarMarker.tsx": {"path":"/workspace/greenWave/src/features/navigation/ui/CarMarker.tsx","statementMap":{"0":{"start":{"line":10,"column":0},"end":{"line":10,"column":24}},"1":{"start":{"line":2,"column":0},"end":{"line":2,"column":51}},"2":{"start":{"line":3,"column":0},"end":{"line":3,"column":45}},"3":{"start":{"line":11,"column":2},"end":{"line":11,"column":31}},"4":{"start":{"line":11,"column":19},"end":{"line":11,"column":31}},"5":{"start":{"line":12,"column":2},"end":{"line":23,"column":4}}},"fnMap":{"0":{"name":"CarMarker","decl":{"start":{"line":10,"column":24},"end":{"line":10,"column":33}},"loc":{"start":{"line":10,"column":77},"end":{"line":24,"column":1}}}},"branchMap":{"0":{"loc":{"start":{"line":10,"column":48},"end":{"line":10,"column":59}},"type":"default-arg","locations":[{"start":{"line":10,"column":58},"end":{"line":10,"column":59}}]},"1":{"loc":{"start":{"line":11,"column":2},"end":{"line":11,"column":31}},"type":"if","locations":[{"start":{"line":11,"column":2},"end":{"line":11,"column":31}}]}},"s":{"0":1,"1":1,"2":1,"3":2,"4":1,"5":1},"f":{"0":2},"b":{"0":[1],"1":[1]}}
,"/workspace/greenWave/src/features/navigation/ui/DrivingHUD.tsx": {"path":"/workspace/greenWave/src/features/navigation/ui/DrivingHUD.tsx","statementMap":{"0":{"start":{"line":18,"column":0},"end":{"line":18,"column":24}},"1":{"start":{"line":1,"column":0},"end":{"line":1,"column":49}},"2":{"start":{"line":2,"column":0},"end":{"line":2,"column":68}},"3":{"start":{"line":3,"column":0},"end":{"line":3,"column":38}},"4":{"start":{"line":4,"column":0},"end":{"line":4,"column":33}},"5":{"start":{"line":5,"column":0},"end":{"line":5,"column":59}},"6":{"start":{"line":6,"column":0},"end":{"line":6,"column":76}},"7":{"start":{"line":7,"column":0},"end":{"line":7,"column":54}},"8":{"start":{"line":26,"column":24},"end":{"line":26,"column":36}},"9":{"start":{"line":27,"column":19},"end":{"line":27,"column":41}},"10":{"start":{"line":28,"column":16},"end":{"line":28,"column":58}},"11":{"start":{"line":29,"column":17},"end":{"line":29,"column":45}},"12":{"start":{"line":31,"column":2},"end":{"line":41,"column":27}},"13":{"start":{"line":32,"column":4},"end":{"line":40,"column":5}},"14":{"start":{"line":33,"column":6},"end":{"line":38,"column":8}},"15":{"start":{"line":39,"column":6},"end":{"line":39,"column":32}},"16":{"start":{"line":42,"column":2},"end":{"line":75,"column":4}},"17":{"start":{"line":78,"column":17},"end":{"line":78,"column":34}},"18":{"start":{"line":79,"column":19},"end":{"line":79,"column":25}},"19":{"start":{"line":81,"column":15},"end":{"line":123,"column":2}}},"fnMap":{"0":{"name":"DrivingHUD","decl":{"start":{"line":18,"column":24},"end":{"line":18,"column":34}},"loc":{"start":{"line":25,"column":18},"end":{"line":76,"column":1}}},"1":{"name":"(anonymous_11)","decl":{"start":{"line":31,"column":12},"end":{"line":31,"column":15}},"loc":{"start":{"line":31,"column":17},"end":{"line":41,"column":3}}}},"branchMap":{"0":{"loc":{"start":{"line":27,"column":30},"end":{"line":27,"column":40}},"type":"binary-expr","locations":[{"start":{"line":27,"column":30},"end":{"line":27,"column":35}},{"start":{"line":27,"column":39},"end":{"line":27,"column":40}}]},"1":{"loc":{"start":{"line":28,"column":16},"end":{"line":28,"column":58}},"type":"cond-expr","locations":[{"start":{"line":28,"column":29},"end":{"line":28,"column":51}},{"start":{"line":28,"column":54},"end":{"line":28,"column":58}}]},"2":{"loc":{"start":{"line":32,"column":4},"end":{"line":40,"column":5}},"type":"if","locations":[{"start":{"line":32,"column":4},"end":{"line":40,"column":5}}]},"3":{"loc":{"start":{"line":32,"column":8},"end":{"line":32,"column":64}},"type":"binary-expr","locations":[{"start":{"line":32,"column":8},"end":{"line":32,"column":21}},{"start":{"line":32,"column":25},"end":{"line":32,"column":33}},{"start":{"line":32,"column":37},"end":{"line":32,"column":64}}]},"4":{"loc":{"start":{"line":36,"column":31},"end":{"line":36,"column":44}},"type":"cond-expr","locations":[{"start":{"line":36,"column":31},"end":{"line":36,"column":39}},{"start":{"line":36,"column":43},"end":{"line":36,"column":44}}]},"5":{"loc":{"start":{"line":36,"column":31},"end":{"line":36,"column":43}},"type":"binary-expr","locations":[{"start":{"line":36,"column":31},"end":{"line":36,"column":43}},{"start":{"line":36,"column":31},"end":{"line":36,"column":43}}]},"6":{"loc":{"start":{"line":46,"column":11},"end":{"line":51,"column":16}},"type":"cond-expr","locations":[{"start":{"line":47,"column":14},"end":{"line":50,"column":16}},{"start":{"line":51,"column":14},"end":{"line":51,"column":16}}]},"7":{"loc":{"start":{"line":49,"column":37},"end":{"line":49,"column":50}},"type":"cond-expr","locations":[{"start":{"line":49,"column":37},"end":{"line":49,"column":45}},{"start":{"line":49,"column":49},"end":{"line":49,"column":50}}]},"8":{"loc":{"start":{"line":49,"column":37},"end":{"line":49,"column":49}},"type":"binary-expr","locations":[{"start":{"line":49,"column":37},"end":{"line":49,"column":49}},{"start":{"line":49,"column":37},"end":{"line":49,"column":49}}]},"9":{"loc":{"start":{"line":54,"column":7},"end":{"line":63,"column":14}},"type":"cond-expr","locations":[{"start":{"line":55,"column":8},"end":{"line":61,"column":null}},{"start":{"line":63,"column":10},"end":{"line":63,"column":14}}]},"10":{"loc":{"start":{"line":54,"column":7},"end":{"line":54,"column":63}},"type":"binary-expr","locations":[{"start":{"line":54,"column":7},"end":{"line":54,"column":16}},{"start":{"line":54,"column":20},"end":{"line":54,"column":63}}]},"11":{"loc":{"start":{"line":71,"column":36},"end":{"line":71,"column":64}},"type":"cond-expr","locations":[{"start":{"line":71,"column":42},"end":{"line":71,"column":57}},{"start":{"line":71,"column":60},"end":{"line":71,"column":64}}]}},"s":{"0":1,"1":1,"2":1,"3":1,"4":1,"5":1,"6":1,"7":1,"8":2,"9":2,"10":2,"11":2,"12":2,"13":2,"14":2,"15":2,"16":2,"17":1,"18":1,"19":1},"f":{"0":2,"1":2},"b":{"0":[2,1],"1":[1,1],"2":[2],"3":[2,2,2],"4":[2,0],"5":[2,2],"6":[2,0],"7":[2,0],"8":[2,2],"9":[2,0],"10":[2,0],"11":[1,1]}}
,"/workspace/greenWave/src/features/navigation/ui/SpeedBanner.tsx": {"path":"/workspace/greenWave/src/features/navigation/ui/SpeedBanner.tsx","statementMap":{"0":{"start":{"line":11,"column":0},"end":{"line":11,"column":24}},"1":{"start":{"line":2,"column":0},"end":{"line":2,"column":54}},"2":{"start":{"line":3,"column":0},"end":{"line":3,"column":33}},"3":{"start":{"line":16,"column":2},"end":{"line":16,"column":26}},"4":{"start":{"line":16,"column":14},"end":{"line":16,"column":26}},"5":{"start":{"line":17,"column":2},"end":{"line":27,"column":4}},"6":{"start":{"line":30,"column":17},"end":{"line":30,"column":34}},"7":{"start":{"line":31,"column":19},"end":{"line":31,"column":25}},"8":{"start":{"line":33,"column":15},"end":{"line":43,"column":2}}},"fnMap":{"0":{"name":"SpeedBanner","decl":{"start":{"line":11,"column":24},"end":{"line":11,"column":35}},"loc":{"start":{"line":15,"column":19},"end":{"line":28,"column":1}}}},"branchMap":{"0":{"loc":{"start":{"line":16,"column":2},"end":{"line":16,"column":26}},"type":"if","locations":[{"start":{"line":16,"column":2},"end":{"line":16,"column":26}}]},"1":{"loc":{"start":{"line":22,"column":31},"end":{"line":22,"column":47}},"type":"cond-expr","locations":[{"start":{"line":22,"column":31},"end":{"line":22,"column":42}},{"start":{"line":22,"column":46},"end":{"line":22,"column":47}}]},"2":{"loc":{"start":{"line":22,"column":31},"end":{"line":22,"column":46}},"type":"binary-expr","locations":[{"start":{"line":22,"column":31},"end":{"line":22,"column":46}},{"start":{"line":22,"column":31},"end":{"line":22,"column":46}}]},"3":{"loc":{"start":{"line":23,"column":27},"end":{"line":23,"column":44}},"type":"cond-expr","locations":[{"start":{"line":23,"column":27},"end":{"line":23,"column":39}},{"start":{"line":23,"column":43},"end":{"line":23,"column":44}}]},"4":{"loc":{"start":{"line":23,"column":27},"end":{"line":23,"column":43}},"type":"binary-expr","locations":[{"start":{"line":23,"column":27},"end":{"line":23,"column":43}},{"start":{"line":23,"column":27},"end":{"line":23,"column":43}}]}},"s":{"0":1,"1":1,"2":1,"3":2,"4":1,"5":1,"6":1,"7":1,"8":1},"f":{"0":2},"b":{"0":[1],"1":[1,0],"2":[1,1],"3":[1,0],"4":[1,1]}}
,"/workspace/greenWave/src/features/traffic/hooks/useLightDetector.ts": {"path":"/workspace/greenWave/src/features/traffic/hooks/useLightDetector.ts","statementMap":{"0":{"start":{"line":22,"column":0},"end":{"line":22,"column":16}},"1":{"start":{"line":1,"column":0},"end":{"line":1,"column":65}},"2":{"start":{"line":2,"column":0},"end":{"line":2,"column":41}},"3":{"start":{"line":4,"column":0},"end":{"line":4,"column":68}},"4":{"start":{"line":5,"column":0},"end":{"line":5,"column":72}},"5":{"start":{"line":25,"column":20},"end":{"line":25,"column":51}},"6":{"start":{"line":26,"column":19},"end":{"line":26,"column":46}},"7":{"start":{"line":27,"column":36},"end":{"line":28,"column":null}},"8":{"start":{"line":30,"column":40},"end":{"line":30,"column":55}},"9":{"start":{"line":31,"column":42},"end":{"line":31,"column":71}},"10":{"start":{"line":32,"column":46},"end":{"line":32,"column":75}},"11":{"start":{"line":33,"column":24},"end":{"line":33,"column":48}},"12":{"start":{"line":35,"column":17},"end":{"line":76,"column":null}},"13":{"start":{"line":39,"column":6},"end":{"line":39,"column":38}},"14":{"start":{"line":39,"column":26},"end":{"line":39,"column":38}},"15":{"start":{"line":40,"column":6},"end":{"line":74,"column":7}},"16":{"start":{"line":41,"column":8},"end":{"line":53,"column":9}},"17":{"start":{"line":42,"column":24},"end":{"line":42,"column":36}},"18":{"start":{"line":43,"column":10},"end":{"line":51,"column":13}},"19":{"start":{"line":44,"column":12},"end":{"line":50,"column":14}},"20":{"start":{"line":49,"column":24},"end":{"line":49,"column":57}},"21":{"start":{"line":52,"column":10},"end":{"line":52,"column":35}},"22":{"start":{"line":54,"column":20},"end":{"line":60,"column":10}},"23":{"start":{"line":55,"column":10},"end":{"line":59,"column":12}},"24":{"start":{"line":58,"column":14},"end":{"line":58,"column":66}},"25":{"start":{"line":61,"column":8},"end":{"line":61,"column":37}},"26":{"start":{"line":61,"column":25},"end":{"line":61,"column":37}},"27":{"start":{"line":62,"column":23},"end":{"line":62,"column":26}},"28":{"start":{"line":63,"column":8},"end":{"line":71,"column":10}},"29":{"start":{"line":73,"column":8},"end":{"line":73,"column":20}},"30":{"start":{"line":79,"column":2},"end":{"line":110,"column":58}},"31":{"start":{"line":80,"column":42},"end":{"line":80,"column":46}},"32":{"start":{"line":81,"column":4},"end":{"line":106,"column":5}},"33":{"start":{"line":82,"column":6},"end":{"line":105,"column":15}},"34":{"start":{"line":83,"column":8},"end":{"line":83,"column":39}},"35":{"start":{"line":83,"column":32},"end":{"line":83,"column":39}},"36":{"start":{"line":84,"column":8},"end":{"line":104,"column":9}},"37":{"start":{"line":85,"column":24},"end":{"line":88,"column":12}},"38":{"start":{"line":89,"column":25},"end":{"line":89,"column":52}},"39":{"start":{"line":90,"column":10},"end":{"line":90,"column":31}},"40":{"start":{"line":91,"column":10},"end":{"line":101,"column":11}},"41":{"start":{"line":92,"column":24},"end":{"line":92,"column":34}},"42":{"start":{"line":93,"column":12},"end":{"line":98,"column":14}},"43":{"start":{"line":99,"column":12},"end":{"line":99,"column":42}},"44":{"start":{"line":100,"column":12},"end":{"line":100,"column":35}},"45":{"start":{"line":103,"column":10},"end":{"line":103,"column":44}},"46":{"start":{"line":107,"column":4},"end":{"line":109,"column":6}},"47":{"start":{"line":108,"column":6},"end":{"line":108,"column":44}},"48":{"start":{"line":108,"column":20},"end":{"line":108,"column":44}},"49":{"start":{"line":112,"column":26},"end":{"line":131,"column":56}},"50":{"start":{"line":113,"column":4},"end":{"line":130,"column":5}},"51":{"start":{"line":114,"column":6},"end":{"line":114,"column":28}},"52":{"start":{"line":115,"column":18},"end":{"line":115,"column":28}},"53":{"start":{"line":116,"column":6},"end":{"line":116,"column":78}},"54":{"start":{"line":117,"column":6},"end":{"line":121,"column":7}},"55":{"start":{"line":118,"column":8},"end":{"line":118,"column":61}},"56":{"start":{"line":120,"column":8},"end":{"line":120,"column":50}},"57":{"start":{"line":122,"column":6},"end":{"line":122,"column":33}},"58":{"start":{"line":123,"column":6},"end":{"line":123,"column":28}},"59":{"start":{"line":124,"column":6},"end":{"line":124,"column":30}},"60":{"start":{"line":126,"column":6},"end":{"line":126,"column":33}},"61":{"start":{"line":127,"column":6},"end":{"line":127,"column":28}},"62":{"start":{"line":128,"column":6},"end":{"line":128,"column":30}},"63":{"start":{"line":129,"column":6},"end":{"line":129,"column":27}},"64":{"start":{"line":133,"column":2},"end":{"line":133,"column":72}},"65":{"start":{"line":136,"column":0},"end":{"line":136,"column":32}}},"fnMap":{"0":{"name":"useLightDetector","decl":{"start":{"line":22,"column":16},"end":{"line":22,"column":32}},"loc":{"start":{"line":23,"column":65},"end":{"line":134,"column":1}}},"1":{"name":"(anonymous_2)","decl":{"start":{"line":36,"column":4},"end":{"line":36,"column":9}},"loc":{"start":{"line":38,"column":47},"end":{"line":75,"column":5}}},"2":{"name":"(anonymous_3)","decl":{"start":{"line":43,"column":28},"end":{"line":43,"column":29}},"loc":{"start":{"line":43,"column":48},"end":{"line":51,"column":11}}},"3":{"name":"(anonymous_4)","decl":{"start":{"line":49,"column":14},"end":{"line":49,"column":15}},"loc":{"start":{"line":49,"column":24},"end":{"line":49,"column":57}}},"4":{"name":"(anonymous_5)","decl":{"start":{"line":54,"column":53},"end":{"line":54,"column":54}},"loc":{"start":{"line":54,"column":73},"end":{"line":60,"column":9}}},"5":{"name":"(anonymous_6)","decl":{"start":{"line":57,"column":12},"end":{"line":57,"column":13}},"loc":{"start":{"line":58,"column":14},"end":{"line":58,"column":66}}},"6":{"name":"(anonymous_7)","decl":{"start":{"line":79,"column":12},"end":{"line":79,"column":15}},"loc":{"start":{"line":79,"column":17},"end":{"line":110,"column":3}}},"7":{"name":"(anonymous_8)","decl":{"start":{"line":82,"column":29},"end":{"line":82,"column":34}},"loc":{"start":{"line":82,"column":40},"end":{"line":105,"column":7}}},"8":{"name":"(anonymous_9)","decl":{"start":{"line":107,"column":11},"end":{"line":107,"column":14}},"loc":{"start":{"line":107,"column":16},"end":{"line":109,"column":5}}},"9":{"name":"(anonymous_10)","decl":{"start":{"line":112,"column":38},"end":{"line":112,"column":43}},"loc":{"start":{"line":112,"column":49},"end":{"line":131,"column":3}}}},"branchMap":{"0":{"loc":{"start":{"line":39,"column":6},"end":{"line":39,"column":38}},"type":"if","locations":[{"start":{"line":39,"column":6},"end":{"line":39,"column":38}}]},"1":{"loc":{"start":{"line":39,"column":11},"end":{"line":39,"column":24}},"type":"cond-expr","locations":[{"start":{"line":39,"column":16},"end":{"line":39,"column":18}},{"start":{"line":39,"column":11},"end":{"line":39,"column":24}}]},"2":{"loc":{"start":{"line":39,"column":11},"end":{"line":39,"column":18}},"type":"binary-expr","locations":[{"start":{"line":39,"column":11},"end":{"line":39,"column":18}},{"start":{"line":39,"column":11},"end":{"line":39,"column":18}}]},"3":{"loc":{"start":{"line":41,"column":8},"end":{"line":53,"column":9}},"type":"if","locations":[{"start":{"line":41,"column":8},"end":{"line":53,"column":9}}]},"4":{"loc":{"start":{"line":49,"column":24},"end":{"line":49,"column":57}},"type":"cond-expr","locations":[{"start":{"line":49,"column":30},"end":{"line":49,"column":41}},{"start":{"line":49,"column":44},"end":{"line":49,"column":57}}]},"5":{"loc":{"start":{"line":58,"column":14},"end":{"line":58,"column":66}},"type":"cond-expr","locations":[{"start":{"line":58,"column":20},"end":{"line":58,"column":31}},{"start":{"line":58,"column":34},"end":{"line":58,"column":66}}]},"6":{"loc":{"start":{"line":61,"column":8},"end":{"line":61,"column":37}},"type":"if","locations":[{"start":{"line":61,"column":8},"end":{"line":61,"column":37}}]},"7":{"loc":{"start":{"line":81,"column":4},"end":{"line":106,"column":5}},"type":"if","locations":[{"start":{"line":81,"column":4},"end":{"line":106,"column":5}}]},"8":{"loc":{"start":{"line":83,"column":8},"end":{"line":83,"column":39}},"type":"if","locations":[{"start":{"line":83,"column":8},"end":{"line":83,"column":39}}]},"9":{"loc":{"start":{"line":89,"column":38},"end":{"line":89,"column":51}},"type":"cond-expr","locations":[{"start":{"line":89,"column":38},"end":{"line":89,"column":43}},{"start":{"line":89,"column":47},"end":{"line":89,"column":51}}]},"10":{"loc":{"start":{"line":89,"column":38},"end":{"line":89,"column":47}},"type":"binary-expr","locations":[{"start":{"line":89,"column":38},"end":{"line":89,"column":47}},{"start":{"line":89,"column":38},"end":{"line":89,"column":47}}]},"11":{"loc":{"start":{"line":91,"column":10},"end":{"line":101,"column":11}},"type":"if","locations":[{"start":{"line":91,"column":10},"end":{"line":101,"column":11}}]},"12":{"loc":{"start":{"line":91,"column":14},"end":{"line":91,"column":60}},"type":"binary-expr","locations":[{"start":{"line":91,"column":14},"end":{"line":91,"column":27}},{"start":{"line":91,"column":31},"end":{"line":91,"column":60}}]},"13":{"loc":{"start":{"line":91,"column":14},"end":{"line":91,"column":27}},"type":"cond-expr","locations":[{"start":{"line":91,"column":20},"end":{"line":91,"column":22}},{"start":{"line":91,"column":14},"end":{"line":91,"column":27}}]},"14":{"loc":{"start":{"line":91,"column":14},"end":{"line":91,"column":22}},"type":"binary-expr","locations":[{"start":{"line":91,"column":14},"end":{"line":91,"column":22}},{"start":{"line":91,"column":14},"end":{"line":91,"column":22}}]},"15":{"loc":{"start":{"line":108,"column":6},"end":{"line":108,"column":44}},"type":"if","locations":[{"start":{"line":108,"column":6},"end":{"line":108,"column":44}}]},"16":{"loc":{"start":{"line":113,"column":4},"end":{"line":130,"column":5}},"type":"if","locations":[{"start":{"line":113,"column":4},"end":{"line":130,"column":5}},{"start":{"line":125,"column":11},"end":{"line":130,"column":5}}]}},"s":{"0":1,"1":1,"2":1,"3":1,"4":1,"5":7,"6":7,"7":7,"8":7,"9":7,"10":7,"11":7,"12":7,"13":3,"14":1,"15":2,"16":2,"17":2,"18":2,"19":2,"20":2,"21":2,"22":2,"23":2,"24":2,"25":1,"26":0,"27":1,"28":1,"29":1,"30":7,"31":6,"32":6,"33":1,"34":0,"35":0,"36":0,"37":0,"38":0,"39":0,"40":0,"41":0,"42":0,"43":0,"44":0,"45":0,"46":6,"47":6,"48":1,"49":7,"50":2,"51":1,"52":1,"53":1,"54":1,"55":1,"56":0,"57":1,"58":1,"59":1,"60":1,"61":1,"62":1,"63":1,"64":7,"65":1},"f":{"0":7,"1":3,"2":2,"3":2,"4":2,"5":2,"6":6,"7":0,"8":6,"9":2},"b":{"0":[1],"1":[1,2],"2":[3,2],"3":[2],"4":[0,2],"5":[1,1],"6":[0],"7":[1],"8":[0],"9":[0,0],"10":[0,0],"11":[0],"12":[0,0],"13":[0,0],"14":[0,0],"15":[1],"16":[1,1]}}
,"/workspace/greenWave/src/features/traffic/services/colorPhases.ts": {"path":"/workspace/greenWave/src/features/traffic/services/colorPhases.ts","statementMap":{"0":{"start":{"line":6,"column":0},"end":{"line":6,"column":16}},"1":{"start":{"line":12,"column":2},"end":{"line":14,"column":3}},"2":{"start":{"line":13,"column":4},"end":{"line":13,"column":68}}},"fnMap":{"0":{"name":"finalizePhase","decl":{"start":{"line":6,"column":16},"end":{"line":6,"column":29}},"loc":{"start":{"line":10,"column":13},"end":{"line":15,"column":1}}}},"branchMap":{"0":{"loc":{"start":{"line":12,"column":2},"end":{"line":14,"column":3}},"type":"if","locations":[{"start":{"line":12,"column":2},"end":{"line":14,"column":3}}]},"1":{"loc":{"start":{"line":12,"column":6},"end":{"line":12,"column":40}},"type":"binary-expr","locations":[{"start":{"line":12,"column":6},"end":{"line":12,"column":18}},{"start":{"line":12,"column":22},"end":{"line":12,"column":40}}]}},"s":{"0":2,"1":4,"2":3},"f":{"0":4},"b":{"0":[3],"1":[4,3]}}
,"/workspace/greenWave/src/features/traffic/ui/CycleFormModal.tsx": {"path":"/workspace/greenWave/src/features/traffic/ui/CycleFormModal.tsx","statementMap":{"0":{"start":{"line":28,"column":0},"end":{"line":28,"column":24}},"1":{"start":{"line":1,"column":0},"end":{"line":1,"column":40}},"2":{"start":{"line":2,"column":0},"end":{"line":2,"column":null}},"3":{"start":{"line":11,"column":0},"end":{"line":11,"column":33}},"4":{"start":{"line":12,"column":0},"end":{"line":12,"column":58}},"5":{"start":{"line":33,"column":42},"end":{"line":33,"column":56}},"6":{"start":{"line":34,"column":22},"end":{"line":34,"column":56}},"7":{"start":{"line":35,"column":36},"end":{"line":35,"column":49}},"8":{"start":{"line":36,"column":32},"end":{"line":36,"column":46}},"9":{"start":{"line":37,"column":34},"end":{"line":37,"column":48}},"10":{"start":{"line":38,"column":30},"end":{"line":38,"column":44}},"11":{"start":{"line":39,"column":34},"end":{"line":39,"column":48}},"12":{"start":{"line":40,"column":30},"end":{"line":40,"column":44}},"13":{"start":{"line":41,"column":16},"end":{"line":49,"column":4}},"14":{"start":{"line":51,"column":15},"end":{"line":72,"column":3}},"15":{"start":{"line":52,"column":16},"end":{"line":60,"column":6}},"16":{"start":{"line":61,"column":4},"end":{"line":64,"column":5}},"17":{"start":{"line":62,"column":6},"end":{"line":62,"column":51}},"18":{"start":{"line":63,"column":6},"end":{"line":63,"column":13}},"19":{"start":{"line":65,"column":4},"end":{"line":71,"column":7}},"20":{"start":{"line":74,"column":2},"end":{"line":141,"column":4}},"21":{"start":{"line":144,"column":22},"end":{"line":144,"column":39}},"22":{"start":{"line":145,"column":17},"end":{"line":145,"column":26}},"23":{"start":{"line":147,"column":15},"end":{"line":165,"column":2}}},"fnMap":{"0":{"name":"CycleFormModal","decl":{"start":{"line":28,"column":24},"end":{"line":28,"column":38}},"loc":{"start":{"line":32,"column":22},"end":{"line":142,"column":1}}},"1":{"name":"(anonymous_2)","decl":{"start":{"line":51,"column":15},"end":{"line":51,"column":18}},"loc":{"start":{"line":51,"column":20},"end":{"line":72,"column":3}}}},"branchMap":{"0":{"loc":{"start":{"line":61,"column":4},"end":{"line":64,"column":5}},"type":"if","locations":[{"start":{"line":61,"column":4},"end":{"line":64,"column":5}}]}},"s":{"0":1,"1":1,"2":1,"3":1,"4":1,"5":1,"6":1,"7":1,"8":1,"9":1,"10":1,"11":1,"12":1,"13":1,"14":1,"15":1,"16":1,"17":0,"18":0,"19":1,"20":1,"21":1,"22":1,"23":1},"f":{"0":1,"1":1},"b":{"0":[0]}}
,"/workspace/greenWave/src/features/traffic/ui/LightFormModal.tsx": {"path":"/workspace/greenWave/src/features/traffic/ui/LightFormModal.tsx","statementMap":{"0":{"start":{"line":26,"column":0},"end":{"line":26,"column":24}},"1":{"start":{"line":1,"column":0},"end":{"line":1,"column":40}},"2":{"start":{"line":2,"column":0},"end":{"line":2,"column":null}},"3":{"start":{"line":11,"column":0},"end":{"line":11,"column":33}},"4":{"start":{"line":12,"column":0},"end":{"line":12,"column":58}},"5":{"start":{"line":32,"column":26},"end":{"line":32,"column":38}},"6":{"start":{"line":33,"column":36},"end":{"line":33,"column":52}},"7":{"start":{"line":34,"column":16},"end":{"line":34,"column":46}},"8":{"start":{"line":36,"column":15},"end":{"line":50,"column":3}},"9":{"start":{"line":37,"column":16},"end":{"line":37,"column":46}},"10":{"start":{"line":38,"column":4},"end":{"line":41,"column":5}},"11":{"start":{"line":39,"column":6},"end":{"line":39,"column":51}},"12":{"start":{"line":40,"column":6},"end":{"line":40,"column":13}},"13":{"start":{"line":42,"column":4},"end":{"line":47,"column":7}},"14":{"start":{"line":48,"column":4},"end":{"line":48,"column":16}},"15":{"start":{"line":49,"column":4},"end":{"line":49,"column":25}},"16":{"start":{"line":52,"column":2},"end":{"line":78,"column":4}},"17":{"start":{"line":61,"column":14},"end":{"line":62,"column":null}},"18":{"start":{"line":64,"column":31},"end":{"line":64,"column":46}},"19":{"start":{"line":81,"column":22},"end":{"line":81,"column":39}},"20":{"start":{"line":82,"column":17},"end":{"line":82,"column":26}},"21":{"start":{"line":84,"column":15},"end":{"line":103,"column":2}}},"fnMap":{"0":{"name":"LightFormModal","decl":{"start":{"line":26,"column":24},"end":{"line":26,"column":38}},"loc":{"start":{"line":31,"column":22},"end":{"line":79,"column":1}}},"1":{"name":"(anonymous_2)","decl":{"start":{"line":36,"column":15},"end":{"line":36,"column":18}},"loc":{"start":{"line":36,"column":20},"end":{"line":50,"column":3}}},"2":{"name":"(anonymous_3)","decl":{"start":{"line":60,"column":53},"end":{"line":60,"column":54}},"loc":{"start":{"line":61,"column":14},"end":{"line":62,"column":null}}},"3":{"name":"(anonymous_4)","decl":{"start":{"line":64,"column":25},"end":{"line":64,"column":28}},"loc":{"start":{"line":64,"column":31},"end":{"line":64,"column":46}}}},"branchMap":{"0":{"loc":{"start":{"line":38,"column":4},"end":{"line":41,"column":5}},"type":"if","locations":[{"start":{"line":38,"column":4},"end":{"line":41,"column":5}}]},"1":{"loc":{"start":{"line":65,"column":23},"end":{"line":65,"column":59}},"type":"cond-expr","locations":[{"start":{"line":65,"column":41},"end":{"line":65,"column":47}},{"start":{"line":65,"column":50},"end":{"line":65,"column":59}}]}},"s":{"0":1,"1":1,"2":1,"3":1,"4":1,"5":3,"6":3,"7":3,"8":3,"9":1,"10":1,"11":0,"12":0,"13":1,"14":1,"15":1,"16":3,"17":9,"18":0,"19":1,"20":1,"21":1},"f":{"0":3,"1":1,"2":9,"3":0},"b":{"0":[0],"1":[3,6]}}
,"/workspace/greenWave/src/features/traffic/ui/useVoicePhaseLogger.ts": {"path":"/workspace/greenWave/src/features/traffic/ui/useVoicePhaseLogger.ts","statementMap":{"0":{"start":{"line":10,"column":0},"end":{"line":10,"column":16}},"1":{"start":{"line":17,"column":0},"end":{"line":17,"column":16}},"2":{"start":{"line":1,"column":0},"end":{"line":1,"column":46}},"3":{"start":{"line":2,"column":0},"end":{"line":2,"column":69}},"4":{"start":{"line":3,"column":0},"end":{"line":3,"column":36}},"5":{"start":{"line":5,"column":0},"end":{"line":5,"column":58}},"6":{"start":{"line":7,"column":17},"end":{"line":7,"column":38}},"7":{"start":{"line":8,"column":16},"end":{"line":8,"column":33}},"8":{"start":{"line":11,"column":16},"end":{"line":11,"column":57}},"9":{"start":{"line":12,"column":15},"end":{"line":12,"column":40}},"10":{"start":{"line":13,"column":2},"end":{"line":13,"column":35}},"11":{"start":{"line":13,"column":23},"end":{"line":13,"column":35}},"12":{"start":{"line":14,"column":2},"end":{"line":14,"column":75}},"13":{"start":{"line":18,"column":36},"end":{"line":18,"column":51}},"14":{"start":{"line":20,"column":16},"end":{"line":23,"column":8}},"15":{"start":{"line":21,"column":4},"end":{"line":21,"column":23}},"16":{"start":{"line":22,"column":4},"end":{"line":22,"column":29}},"17":{"start":{"line":25,"column":15},"end":{"line":35,"column":8}},"18":{"start":{"line":26,"column":19},"end":{"line":26,"column":42}},"19":{"start":{"line":27,"column":4},"end":{"line":27,"column":24}},"20":{"start":{"line":28,"column":19},"end":{"line":28,"column":43}},"21":{"start":{"line":29,"column":4},"end":{"line":34,"column":5}},"22":{"start":{"line":30,"column":18},"end":{"line":30,"column":57}},"23":{"start":{"line":31,"column":34},"end":{"line":31,"column":60}},"24":{"start":{"line":32,"column":6},"end":{"line":32,"column":24}},"25":{"start":{"line":33,"column":6},"end":{"line":33,"column":68}},"26":{"start":{"line":37,"column":2},"end":{"line":37,"column":45}}},"fnMap":{"0":{"name":"parseVoiceResult","decl":{"start":{"line":10,"column":16},"end":{"line":10,"column":32}},"loc":{"start":{"line":10,"column":46},"end":{"line":15,"column":1}}},"1":{"name":"useVoicePhaseLogger","decl":{"start":{"line":17,"column":16},"end":{"line":17,"column":35}},"loc":{"start":{"line":17,"column":35},"end":{"line":38,"column":1}}},"2":{"name":"(anonymous_12)","decl":{"start":{"line":20,"column":28},"end":{"line":20,"c
[...]
,"/workspace/greenWave/src/services/onMessage/handle.ts": {"path":"/workspace/greenWave/src/services/onMessage/handle.ts","statementMap":{"0":{"start":{"line":4,"column":0},"end":{"line":4,"column":7}},"1":{"start":{"line":2,"column":0},"end":{"line":2,"column":38}},"2":{"start":{"line":5,"column":18},"end":{"line":5,"column":40}},"3":{"start":{"line":6,"column":2},"end":{"line":8,"column":3}},"4":{"start":{"line":7,"column":4},"end":{"line":7,"column":27}}},"fnMap":{"0":{"name":"handleMessage","decl":{"start":{"line":4,"column":22},"end":{"line":4,"column":35}},"loc":{"start":{"line":4,"column":52},"end":{"line":9,"column":1}}}},"branchMap":{"0":{"loc":{"start":{"line":6,"column":2},"end":{"line":8,"column":3}},"type":"if","locations":[{"start":{"line":6,"column":2},"end":{"line":8,"column":3}}]}},"s":{"0":1,"1":1,"2":3,"3":3,"4":2},"f":{"0":3},"b":{"0":[2]}}
,"/workspace/greenWave/src/services/onMessage/handlers.ts": {"path":"/workspace/greenWave/src/services/onMessage/handlers.ts","statementMap":{"0":{"start":{"line":1,"column":0},"end":{"line":1,"column":32}},"1":{"start":{"line":4,"column":13},"end":{"line":8,"column":2}},"2":{"start":{"line":6,"column":4},"end":{"line":6,"column":39}},"3":{"start":{"line":10,"column":0},"end":{"line":10,"column":24}}},"fnMap":{"0":{"name":"(anonymous_0)","decl":{"start":{"line":5,"column":8},"end":{"line":5,"column":13}},"loc":{"start":{"line":5,"column":19},"end":{"line":7,"column":3}}}},"branchMap":{},"s":{"0":1,"1":1,"2":3,"3":1},"f":{"0":3},"b":{}}
,"/workspace/greenWave/src/services/onMessage/index.ts": {"path":"/workspace/greenWave/src/services/onMessage/index.ts","statementMap":{"0":{"start":{"line":9,"column":0},"end":{"line":9,"column":7}},"1":{"start":{"line":1,"column":0},"end":{"line":1,"column":9}},"2":{"start":{"line":7,"column":9},"end":{"line":1,"column":39}},"3":{"start":{"line":2,"column":0},"end":{"line":2,"column":9}},"4":{"start":{"line":7,"column":23},"end":{"line":2,"column":45}},"5":{"start":{"line":3,"column":0},"end":{"line":3,"column":9}},"6":{"start":{"line":7,"column":40},"end":{"line":3,"column":41}},"7":{"start":{"line":5,"column":0},"end":{"line":5,"column":9}},"8":{"start":{"line":5,"column":9},"end":{"line":5,"column":38}},"9":{"start":{"line":10,"column":15},"end":{"line":10,"column":32}},"10":{"start":{"line":11,"column":18},"end":{"line":11,"column":39}},"11":{"start":{"line":12,"column":2},"end":{"line":12,"column":31}},"12":{"start":{"line":15,"column":0},"end":{"line":15,"column":25}}},"fnMap":{"0":{"name":"(anonymous_0)","decl":{"start":{"line":7,"column":9},"end":{"line":7,"column":21}},"loc":{"start":{"line":7,"column":9},"end":{"line":1,"column":39}}},"1":{"name":"(anonymous_1)","decl":{"start":{"line":7,"column":23},"end":{"line":7,"column":38}},"loc":{"start":{"line":7,"column":23},"end":{"line":2,"column":45}}},"2":{"name":"(anonymous_2)","decl":{"start":{"line":7,"column":40},"end":{"line":7,"column":53}},"loc":{"start":{"line":7,"column":40},"end":{"line":3,"column":41}}},"3":{"name":"(anonymous_3)","decl":{"start":{"line":5,"column":9},"end":{"line":5,"column":17}},"loc":{"start":{"line":5,"column":9},"end":{"line":5,"column":38}}},"4":{"name":"onMessage","decl":{"start":{"line":9,"column":22},"end":{"line":9,"column":31}},"loc":{"start":{"line":9,"column":43},"end":{"line":13,"column":1}}}},"branchMap":{},"s":{"0":1,"1":1,"2":3,"3":1,"4":3,"5":1,"6":3,"7":1,"8":2,"9":3,"10":2,"11":1,"12":1},"f":{"0":2,"1":2,"2":2,"3":1,"4":3},"b":{}}
,"/workspace/greenWave/src/services/onMessage/parse.ts": {"path":"/workspace/greenWave/src/services/onMessage/parse.ts","statementMap":{"0":{"start":{"line":1,"column":0},"end":{"line":1,"column":16}},"1":{"start":{"line":2,"column":2},"end":{"line":2,"column":25}}},"fnMap":{"0":{"name":"parseMessage","decl":{"start":{"line":1,"column":16},"end":{"line":1,"column":28}},"loc":{"start":{"line":1,"column":40},"end":{"line":3,"column":1}}}},"branchMap":{},"s":{"0":1,"1":5},"f":{"0":5},"b":{}}
,"/workspace/greenWave/src/services/onMessage/validate.ts": {"path":"/workspace/greenWave/src/services/onMessage/validate.ts","statementMap":{"0":{"start":{"line":3,"column":0},"end":{"line":3,"column":16}},"1":{"start":{"line":4,"column":2},"end":{"line":11,"column":3}},"2":{"start":{"line":10,"column":4},"end":{"line":10,"column":39}},"3":{"start":{"line":12,"column":2},"end":{"line":12,"column":25}}},"fnMap":{"0":{"name":"validateMessage","decl":{"start":{"line":3,"column":16},"end":{"line":3,"column":31}},"loc":{"start":{"line":3,"column":45},"end":{"line":13,"column":1}}}},"branchMap":{"0":{"loc":{"start":{"line":4,"column":2},"end":{"line":11,"column":3}},"type":"if","locations":[{"start":{"line":4,"column":2},"end":{"line":11,"column":3}}]},"1":{"loc":{"start":{"line":5,"column":4},"end":{"line":8,"column":57}},"type":"binary-expr","locations":[{"start":{"line":5,"column":4},"end":{"line":5,"column":9}},{"start":{"line":6,"column":4},"end":{"line":6,"column":28}},{"start":{"line":7,"column":4},"end":{"line":7,"column":23}},{"start":{"line":8,"column":4},"end":{"line":8,"column":57}}]}},"s":{"0":1,"1":4,"2":2,"3":2},"f":{"0":4},"b":{"0":[2],"1":[4,4,4,4]}}
,"/workspace/greenWave/src/state/speech.ts": {"path":"/workspace/greenWave/src/state/speech.ts","statementMap":{"0":{"start":{"line":7,"column":0},"end":{"line":7,"column":7}},"1":{"start":{"line":12,"column":0},"end":{"line":12,"column":7}},"2":{"start":{"line":1,"column":0},"end":{"line":1,"column":69}},"3":{"start":{"line":3,"column":12},"end":{"line":3,"column":28}},"4":{"start":{"line":5,"column":11},"end":{"line":5,"column":32}},"5":{"start":{"line":8,"column":2},"end":{"line":8,"column":24}},"6":{"start":{"line":9,"column":2},"end":{"line":9,"column":53}},"7":{"start":{"line":13,"column":17},"end":{"line":13,"column":48}},"8":{"start":{"line":14,"column":2},"end":{"line":14,"column":54}},"9":{"start":{"line":14,"column":23},"end":{"line":14,"column":54}}},"fnMap":{"0":{"name":"setSpeechEnabled","decl":{"start":{"line":7,"column":22},"end":{"line":7,"column":38}},"loc":{"start":{"line":7,"column":53},"end":{"line":10,"column":1}}},"1":{"name":"loadSpeechEnabled","decl":{"start":{"line":12,"column":22},"end":{"line":12,"column":39}},"loc":{"start":{"line":12,"column":39},"end":{"line":15,"column":1}}}},"branchMap":{"0":{"loc":{"start":{"line":9,"column":34},"end":{"line":9,"column":51}},"type":"cond-expr","locations":[{"start":{"line":9,"column":42},"end":{"line":9,"column":45}},{"start":{"line":9,"column":48},"end":{"line":9,"column":51}}]},"1":{"loc":{"start":{"line":14,"column":2},"end":{"line":14,"column":54}},"type":"if","locations":[{"start":{"line":14,"column":2},"end":{"line":14,"column":54}}]}},"s":{"0":1,"1":1,"2":1,"3":1,"4":1,"5":3,"6":3,"7":1,"8":1,"9":1},"f":{"0":3,"1":1},"b":{"0":[1,2],"1":[1]}}
,"/workspace/greenWave/src/state/theme.ts": {"path":"/workspace/greenWave/src/state/theme.ts","statementMap":{"0":{"start":{"line":8,"column":0},"end":{"line":8,"column":7}},"1":{"start":{"line":13,"column":0},"end":{"line":13,"column":7}},"2":{"start":{"line":1,"column":0},"end":{"line":1,"column":69}},"3":{"start":{"line":4,"column":12},"end":{"line":4,"column":19}},"4":{"start":{"line":6,"column":11},"end":{"line":6,"column":38}},"5":{"start":{"line":9,"column":2},"end":{"line":9,"column":16}},"6":{"start":{"line":10,"column":2},"end":{"line":10,"column":41}},"7":{"start":{"line":14,"column":17},"end":{"line":14,"column":48}},"8":{"start":{"line":15,"column":2},"end":{"line":15,"column":62}},"9":{"start":{"line":15,"column":47},"end":{"line":15,"column":62}}},"fnMap":{"0":{"name":"setTheme","decl":{"start":{"line":8,"column":22},"end":{"line":8,"column":30}},"loc":{"start":{"line":8,"column":47},"end":{"line":11,"column":1}}},"1":{"name":"loadTheme","decl":{"start":{"line":13,"column":22},"end":{"line":13,"column":31}},"loc":{"start":{"line":13,"column":31},"end":{"line":16,"column":1}}}},"branchMap":{"0":{"loc":{"start":{"line":15,"column":2},"end":{"line":15,"column":62}},"type":"if","locations":[{"start":{"line":15,"column":2},"end":{"line":15,"column":62}}]},"1":{"loc":{"start":{"line":15,"column":6},"end":{"line":15,"column":45}},"type":"binary-expr","locations":[{"start":{"line":15,"column":6},"end":{"line":15,"column":24}},{"start":{"line":15,"column":28},"end":{"line":15,"column":45}}]}},"s":{"0":1,"1":1,"2":1,"3":1,"4":1,"5":1,"6":1,"7":2,"8":1,"9":1},"f":{"0":1,"1":2},"b":{"0":[1],"1":[1,1]}}
,"/workspace/greenWave/src/styles/tokens.ts": {"path":"/workspace/greenWave/src/styles/tokens.ts","statementMap":{"0":{"start":{"line":1,"column":13},"end":{"line":7,"column":11}},"1":{"start":{"line":9,"column":13},"end":{"line":13,"column":11}},"2":{"start":{"line":15,"column":13},"end":{"line":26,"column":11}}},"fnMap":{},"branchMap":{},"s":{"0":1,"1":1,"2":1},"f":{},"b":{}}
,"/workspace/greenWave/src/ui/MainMenu.tsx": {"path":"/workspace/greenWave/src/ui/MainMenu.tsx","statementMap":{"0":{"start":{"line":18,"column":0},"end":{"line":18,"column":24}},"1":{"start":{"line":2,"column":0},"end":{"line":2,"column":72}},"2":{"start":{"line":3,"column":0},"end":{"line":3,"column":27}},"3":{"start":{"line":4,"column":0},"end":{"line":4,"column":53}},"4":{"start":{"line":5,"column":0},"end":{"line":5,"column":70}},"5":{"start":{"line":7,"column":16},"end":{"line":7,"column":33}},"6":{"start":{"line":8,"column":19},"end":{"line":8,"column":25}},"7":{"start":{"line":25,"column":24},"end":{"line":25,"column":36}},"8":{"start":{"line":26,"column":2},"end":{"line":26,"column":28}},"9":{"start":{"line":26,"column":16},"end":{"line":26,"column":28}},"10":{"start":{"line":27,"column":2},"end":{"line":44,"column":4}},"11":{"start":{"line":47,"column":15},"end":{"line":63,"column":2}}},"fnMap":{"0":{"name":"MainMenu","decl":{"start":{"line":18,"column":24},"end":{"line":18,"column":32}},"loc":{"start":{"line":24,"column":16},"end":{"line":45,"column":1}}}},"branchMap":{"0":{"loc":{"start":{"line":26,"column":2},"end":{"line":26,"column":28}},"type":"if","locations":[{"start":{"line":26,"column":2},"end":{"line":26,"column":28}}]},"1":{"loc":{"start":{"line":35,"column":7},"end":{"line":39,"column":14}},"type":"cond-expr","locations":[{"start":{"line":36,"column":8},"end":{"line":37,"column":null}},{"start":{"line":39,"column":10},"end":{"line":39,"column":14}}]},"2":{"loc":{"start":{"line":35,"column":7},"end":{"line":35,"column":61}},"type":"binary-expr","locations":[{"start":{"line":35,"column":7},"end":{"line":35,"column":16}},{"start":{"line":35,"column":20},"end":{"line":35,"column":61}}]}},"s":{"0":1,"1":1,"2":1,"3":1,"4":1,"5":1,"6":1,"7":2,"8":2,"9":1,"10":1,"11":1},"f":{"0":2},"b":{"0":[1],"1":[0,1],"2":[1,1]}}
,"/workspace/greenWave/src/ui/MapViewWrapper.tsx": {"path":"/workspace/greenWave/src/ui/MapViewWrapper.tsx","statementMap":{"0":{"start":{"line":29,"column":0},"end":{"line":29,"column":24}},"1":{"start":{"line":2,"column":0},"end":{"line":2,"column":42}},"2":{"start":{"line":3,"column":0},"end":{"line":3,"column":null}},"3":{"start":{"line":11,"column":0},"end":{"line":11,"column":60}},"4":{"start":{"line":12,"column":0},"end":{"line":12,"column":67}},"5":{"start":{"line":41,"column":2},"end":{"line":70,"column":4}},"6":{"start":{"line":54,"column":22},"end":{"line":54,"column":34}},"7":{"start":{"line":55,"column":22},"end":{"line":55,"column":76}},"8":{"start":{"line":57,"column":10},"end":{"line":57,"column":68}},"9":{"start":{"line":58,"column":8},"end":{"line":64,"column":10}},"10":{"start":{"line":73,"column":19},"end":{"line":88,"column":2}},"11":{"start":{"line":90,"column":15},"end":{"line":92,"column":2}}},"fnMap":{"0":{"name":"MapViewWrapper","decl":{"start":{"line":29,"column":24},"end":{"line":29,"column":38}},"loc":{"start":{"line":40,"column":8},"end":{"line":71,"column":1}}},"1":{"name":"(anonymous_11)","decl":{"start":{"line":53,"column":18},"end":{"line":53,"column":19}},"loc":{"start":{"line":53,"column":24},"end":{"line":65,"column":7}}}},"branchMap":{"0":{"loc":{"start":{"line":52,"column":7},"end":{"line":52,"column":66}},"type":"binary-expr","locations":[{"start":{"line":52,"column":7},"end":{"line":52,"column":10}},{"start":{"line":52,"column":14},"end":{"line":52,"column":66}}]},"1":{"loc":{"start":{"line":55,"column":41},"end":{"line":55,"column":54}},"type":"cond-expr","locations":[{"start":{"line":55,"column":41},"end":{"line":55,"column":46}},{"start":{"line":55,"column":50},"end":{"line":55,"column":54}}]},"2":{"loc":{"start":{"line":55,"column":41},"end":{"line":55,"column":50}},"type":"binary-expr","locations":[{"start":{"line":55,"column":41},"end":{"line":55,"column":50}},{"start":{"line":55,"column":41},"end":{"line":55,"column":50}}]},"3":{"loc":{"start":{"line":57,"column":10},"end":{"line":57,"column":68}},"type":"binary-expr","locations":[{"start":{"line":57,"column":10},"end":{"line":57,"column":30}},{"start":{"line":57,"column":34},"end":{"line":57,"column":68}}]},"4":{"loc":{"start":{"line":62,"column":22},"end":{"line":62,"column":50}},"type":"cond-expr","locations":[{"start":{"line":62,"column":34},"end":{"line":62,"column":42}},{"start":{"line":62,"column":45},"end":{"line":62,"column":50}}]},"5":{"loc":{"start":{"line":66,"column":7},"end":{"line":67,"column":null}},"type":"binary-expr","locations":[{"start":{"line":66,"column":7},"end":{"line":66,"column":12}},{"start":{"line":67,"column":8},"end":{"line":67,"column":77}}]}},"s":{"0":1,"1":1,"2":1,"3":1,"4":1,"5":1,"6":1,"7":1,"8":1,"9":1,"10":1,"11":1},"f":{"0":1,"1":1},"b":{"0":[1,1],"1":[0,1],"2":[1,1],"3":[1,0],"4":[0,1],"5":[1,0]}}
,"/workspace/greenWave/src/ui/MenuContainer.tsx": {"path":"/workspace/greenWave/src/ui/MenuContainer.tsx","statementMap":{"0":{"start":{"line":14,"column":0},"end":{"line":14,"column":24}},"1":{"start":{"line":2,"column":0},"end":{"line":2,"column":66}},"2":{"start":{"line":3,"column":0},"end":{"line":3,"column":34}},"3":{"start":{"line":22,"column":2},"end":{"line":39,"column":4}},"4":{"start":{"line":42,"column":15},"end":{"line":42,"column":32}},"5":{"start":{"line":43,"column":23},"end":{"line":43,"column":29}},"6":{"start":{"line":45,"column":15},"end":{"line":61,"column":2}}},"fnMap":{"0":{"name":"MenuContainer","decl":{"start":{"line":14,"column":24},"end":{"line":14,"column":37}},"loc":{"start":{"line":21,"column":8},"end":{"line":40,"column":1}}}},"branchMap":{},"s":{"0":1,"1":1,"2":1,"3":1,"4":1,"5":1,"6":1},"f":{"0":1},"b":{}}
,"/workspace/greenWave/src/ui/Settings.tsx": {"path":"/workspace/greenWave/src/ui/Settings.tsx","statementMap":{"0":{"start":{"line":12,"column":0},"end":{"line":12,"column":24}},"1":{"start":{"line":1,"column":0},"end":{"line":1,"column":40}},"2":{"start":{"line":2,"column":0},"end":{"line":2,"column":77}},"3":{"start":{"line":3,"column":0},"end":{"line":3,"column":49}},"4":{"start":{"line":4,"column":0},"end":{"line":4,"column":66}},"5":{"start":{"line":17,"column":28},"end":{"line":17,"column":51}},"6":{"start":{"line":18,"column":26},"end":{"line":18,"column":52}},"7":{"start":{"line":20,"column":22},"end":{"line":25,"column":3}},"8":{"start":{"line":21,"column":4},"end":{"line":21,"column":15}},"9":{"start":{"line":22,"column":17},"end":{"line":22,"column":37}},"10":{"start":{"line":23,"column":4},"end":{"line":23,"column":25}},"11":{"start":{"line":24,"column":4},"end":{"line":24,"column":18}},"12":{"start":{"line":27,"column":23},"end":{"line":30,"column":3}},"13":{"start":{"line":28,"column":4},"end":{"line":28,"column":16}},"14":{"start":{"line":29,"column":4},"end":{"line":29,"column":30}},"15":{"start":{"line":32,"column":2},"end":{"line":54,"column":4}},"16":{"start":{"line":56,"column":17},"end":{"line":56,"column":24}},"17":{"start":{"line":58,"column":15},"end":{"line":73,"column":2}}},"fnMap":{"0":{"name":"Settings","decl":{"start":{"line":12,"column":24},"end":{"line":12,"column":32}},"loc":{"start":{"line":16,"column":16},"end":{"line":55,"column":1}}},"1":{"name":"(anonymous_1)","decl":{"start":{"line":20,"column":22},"end":{"line":20,"column":27}},"loc":{"start":{"line":20,"column":43},"end":{"line":25,"column":3}}},"2":{"name":"(anonymous_2)","decl":{"start":{"line":27,"column":23},"end":{"line":27,"column":28}},"loc":{"start":{"line":27,"column":44},"end":{"line":30,"column":3}}}},"branchMap":{"0":{"loc":{"start":{"line":22,"column":17},"end":{"line":22,"column":37}},"type":"cond-expr","locations":[{"start":{"line":22,"column":21},"end":{"line":22,"column":27}},{"start":{"line":22,"column":30},"end":{"line":22,"column":37}}]}},"s":{"0":1,"1":1,"2":1,"3":1,"4":1,"5":3,"6":3,"7":3,"8":1,"9":1,"10":1,"11":1,"12":3,"13":1,"14":1,"15":3,"16":1,"17":1},"f":{"0":3,"1":1,"2":1},"b":{"0":[1,0]}}
,"/workspace/greenWave/src/utils/validation.ts": {"path":"/workspace/greenWave/src/utils/validation.ts","statementMap":{"0":{"start":{"line":1,"column":0},"end":{"line":1,"column":27}},"1":{"start":{"line":3,"column":29},"end":{"line":15,"column":1}},"2":{"start":{"line":7,"column":2},"end":{"line":9,"column":3}},"3":{"start":{"line":8,"column":4},"end":{"line":8,"column":51}},"4":{"start":{"line":10,"column":18},"end":{"line":10,"column":53}},"5":{"start":{"line":11,"column":2},"end":{"line":13,"column":3}},"6":{"start":{"line":12,"column":4},"end":{"line":12,"column":55}},"7":{"start":{"line":14,"column":2},"end":{"line":14,"column":14}},"8":{"start":{"line":3,"column":13},"end":{"line":3,"column":29}},"9":{"start":{"line":27,"column":29},"end":{"line":58,"column":1}},"10":{"start":{"line":36,"column":17},"end":{"line":44,"column":15}},"11":{"start":{"line":45,"column":2},"end":{"line":47,"column":3}},"12":{"start":{"line":45,"column":25},"end":{"line":45,"column":40}},"13":{"start":{"line":46,"column":4},"end":{"line":46,"column":46}},"14":{"start":{"line":48,"column":2},"end":{"line":50,"column":3}},"15":{"start":{"line":49,"column":4},"end":{"line":49,"column":48}},"16":{"start":{"line":51,"column":2},"end":{"line":53,"column":3}},"17":{"start":{"line":52,"column":4},"end":{"line":52,"column":53}},"18":{"start":{"line":54,"column":2},"end":{"line":56,"column":3}},"19":{"start":{"line":55,"column":4},"end":{"line":55,"column":54}},"20":{"start":{"line":57,"column":2},"end":{"line":57,"column":14}},"21":{"start":{"line":27,"column":13},"end":{"line":27,"column":29}}},"fnMap":{"0":{"name":"(anonymous_1)","decl":{"start":{"line":3,"column":29},"end":{"line":3,"column":null}},"loc":{"start":{"line":6,"column":19},"end":{"line":15,"column":1}}},"1":{"name":"(anonymous_2)","decl":{"start":{"line":27,"column":29},"end":{"line":27,"column":30}},"loc":{"start":{"line":35,"column":33},"end":{"line":58,"column":1}}},"2":{"name":"(anonymous_3)","decl":{"start":{"line":45,"column":18},"end":{"line":45,"column":19}},"loc":{"start":{"line":45,"column":25},"end":{"line":45,"column":40}}}},"branchMap":{"0":{"loc":{"start":{"line":7,"column":2},"end":{"line":9,"column":3}},"type":"if","locations":[{"start":{"line":7,"column":2},"end":{"line":9,"column":3}}]},"1":{"loc":{"start":{"line":11,"column":2},"end":{"line":13,"column":3}},"type":"if","locations":[{"start":{"line":11,"column":2},"end":{"line":13,"column":3}}]},"2":{"loc":{"start":{"line":45,"column":2},"end":{"line":47,"column":3}},"type":"if","locations":[{"start":{"line":45,"column":2},"end":{"line":47,"column":3}}]},"3":{"loc":{"start":{"line":48,"column":2},"end":{"line":50,"column":3}},"type":"if","locations":[{"start":{"line":48,"column":2},"end":{"line":50,"column":3}}]},"4":{"loc":{"start":{"line":51,"column":2},"end":{"line":53,"column":3}},"type":"if","locations":[{"start":{"line":51,"column":2},"end":{"line":53,"column":3}}]},"5":{"loc":{"start":{"line":54,"column":2},"end":{"line":56,"column":3}},"type":"if","locations":[{"start":{"line":54,"column":2},"end":{"line":56,"column":3}}]}},"s":{"0":3,"1":3,"2":7,"3":3,"4":4,"5":4,"6":1,"7":3,"8":3,"9":3,"10":7,"11":7,"12":43,"13":1,"14":6,"15":1,"16":5,"17":1,"18":4,"19":1,"20":3,"21":3},"f":{"0":7,"1":7,"2":43},"b":{"0":[3],"1":[1],"2":[1],"3":[1],"4":[1],"5":[1]}}
}
