TN:
SF:src/i18n.ts
FNF:0
FNH:0
DA:1,7
DA:2,7
DA:3,7
DA:4,7
DA:6,7
DA:8,7
DA:9,7
DA:11,7
DA:12,7
DA:13,7
DA:16,7
LF:11
LH:11
BRDA:12,0,0,7
BRF:1
BRH:1
end_of_record
TN:
SF:src/index.ts
FN:1,(anonymous_4)
FN:2,(anonymous_5)
FN:2,(anonymous_6)
FN:3,(anonymous_7)
FN:5,(anonymous_8)
FN:6,(anonymous_9)
FN:7,(anonymous_10)
FN:8,(anonymous_11)
FN:9,(anonymous_12)
FN:10,(anonymous_13)
FN:11,(anonymous_14)
FN:12,(anonymous_15)
FN:13,(anonymous_16)
FNF:13
FNH:6
FNDA:6,(anonymous_4)
FNDA:0,(anonymous_5)
FNDA:0,(anonymous_6)
FNDA:0,(anonymous_7)
FNDA:0,(anonymous_8)
FNDA:1,(anonymous_9)
FNDA:2,(anonymous_10)
FNDA:6,(anonymous_11)
FNDA:6,(anonymous_12)
FNDA:1,(anonymous_13)
FNDA:0,(anonymous_14)
FNDA:0,(anonymous_15)
FNDA:0,(anonymous_16)
DA:1,8
DA:2,2
DA:3,2
DA:4,2
DA:5,2
DA:6,3
DA:7,4
DA:8,8
DA:9,8
DA:10,3
DA:11,2
DA:12,2
DA:13,2
DA:16,2
DA:17,2
DA:18,2
DA:19,2
LF:17
LH:17
BRF:0
BRH:0
end_of_record
TN:
SF:src/navigationFactory.ts
FN:59,(anonymous_0)
FN:60,(anonymous_1)
FN:61,(anonymous_2)
FN:62,(anonymous_3)
FN:63,(anonymous_4)
FN:25,resolveNavigationDeps
FN:40,createNavigationFactory
FN:45,(anonymous_7)
FN:51,createNavigation
FNF:9
FNH:5
FNDA:0,(anonymous_0)
FNDA:0,(anonymous_1)
FNDA:8,(anonymous_2)
FNDA:0,(anonymous_3)
FNDA:0,(anonymous_4)
FNDA:8,resolveNavigationDeps
FNDA:6,createNavigationFactory
FNDA:6,(anonymous_7)
FNDA:5,createNavigation
DA:1,2
DA:9,2
DA:18,2
DA:25,2
DA:28,8
DA:40,2
DA:43,6
DA:44,6
DA:45,6
DA:51,2
DA:55,5
DA:59,2
DA:60,2
DA:61,10
DA:62,2
DA:63,2
LF:16
LH:16
BRDA:26,0,0,5
BRDA:41,1,0,0
BRDA:44,2,0,1
BRDA:44,2,1,5
BRDA:44,3,0,6
BRDA:44,3,1,6
BRDA:45,4,0,5
BRDA:53,5,0,3
BRF:8
BRH:7
end_of_record
TN:
SF:src/registry.ts
FN:15,createRegistry
FNF:1
FNH:1
FNDA:9,createRegistry
DA:1,3
DA:2,3
DA:3,3
DA:4,3
DA:15,3
DA:16,9
LF:6
LH:6
BRDA:15,0,0,4
BRF:1
BRH:1
end_of_record
TN:
SF:src/registryManager.ts
FN:3,createRegistryManager
FN:8,setRegistry
FN:12,initRegistry
FN:20,getRegistry
FN:24,resetRegistry
FN:28,getCommands
FN:32,getProcessors
FN:36,getSources
FN:40,getStores
FNF:9
FNH:6
FNDA:5,createRegistryManager
FNDA:14,setRegistry
FNDA:7,initRegistry
FNDA:8,getRegistry
FNDA:6,resetRegistry
FNDA:3,getCommands
FNDA:0,getProcessors
FNDA:0,getSources
FNDA:0,getStores
DA:1,3
DA:3,3
DA:6,5
DA:9,14
DA:15,7
DA:16,7
DA:17,7
DA:21,8
DA:25,6
DA:29,3
DA:33,0
DA:37,0
DA:41,0
DA:44,5
DA:56,3
LF:15
LH:12
BRDA:4,0,0,5
BRDA:21,1,0,4
BRDA:21,1,1,4
BRDA:21,2,0,8
BRDA:21,2,1,4
BRDA:28,3,0,2
BRDA:32,4,0,0
BRDA:36,5,0,0
BRDA:40,6,0,0
BRF:9
BRH:6
end_of_record
TN:
SF:src/components/ui/Card.tsx
FN:6,Card
FNF:1
FNH:1
FNDA:1,Card
DA:2,1
DA:3,1
DA:4,1
DA:6,1
DA:7,1
DA:8,1
DA:16,1
LF:7
LH:7
BRF:0
BRH:0
end_of_record
TN:
SF:src/domain/matching.ts
FN:3,toXY
FN:10,projectPointToSegment
FN:34,projectLightsToRoute
FN:76,(anonymous_3)
FNF:4
FNH:4
FNDA:11,toXY
FNDA:3,projectPointToSegment
FNDA:1,projectLightsToRoute
FNDA:1,(anonymous_3)
DA:4,11
DA:5,11
DA:6,11
DA:7,11
DA:15,3
DA:16,3
DA:17,3
DA:18,3
DA:19,3
DA:20,3
DA:21,3
DA:22,3
DA:23,3
DA:24,3
DA:26,3
DA:27,3
DA:28,3
DA:29,3
DA:30,3
DA:31,3
DA:34,1
DA:38,1
DA:39,1
DA:44,1
DA:45,1
DA:46,1
DA:47,1
DA:48,1
DA:49,1
DA:50,1
DA:51,1
DA:54,1
DA:55,1
DA:56,3
DA:57,3
DA:58,3
DA:59,3
DA:60,3
DA:65,3
DA:66,3
DA:67,3
DA:69,3
DA:71,3
DA:72,2
DA:76,1
DA:77,1
LF:46
LH:46
BRDA:22,0,0,3
BRDA:65,1,0,3
BRDA:71,2,0,2
BRF:3
BRH:3
end_of_record
TN:
SF:src/features/advice/calcSpeedRange.ts
FN:7,calcSpeedRange
FNF:1
FNH:1
FNDA:4,calcSpeedRange
DA:7,1
DA:12,4
DA:13,2
DA:14,2
DA:15,2
DA:16,2
DA:17,2
DA:18,2
LF:8
LH:8
BRDA:12,0,0,2
BRDA:12,1,0,4
BRDA:12,1,1,3
BRDA:12,1,2,3
BRDA:17,2,0,0
BRF:5
BRH:4
end_of_record
TN:
SF:src/features/lights/LightStatusBadge.tsx
FN:11,LightStatusBadge
FN:16,(anonymous_1)
FN:18,load
FN:30,(anonymous_3)
FN:31,(anonymous_4)
FN:39,(anonymous_5)
FN:49,(anonymous_6)
FNF:7
FNH:7
FNDA:4,LightStatusBadge
FNDA:1,(anonymous_1)
FNDA:1,load
FNDA:2,(anonymous_3)
FNDA:2,(anonymous_4)
FNDA:1,(anonymous_5)
FNDA:1,(anonymous_6)
DA:1,1
DA:2,1
DA:3,1
DA:5,1
DA:11,1
DA:12,4
DA:13,4
DA:14,4
DA:16,4
DA:17,1
DA:19,1
DA:20,1
DA:21,1
DA:22,1
DA:26,1
DA:27,1
DA:29,1
DA:30,1
DA:31,2
DA:32,2
DA:33,1
DA:34,1
DA:35,1
DA:36,1
DA:40,1
DA:42,1
DA:44,0
DA:46,1
DA:49,1
DA:50,1
DA:51,1
DA:55,4
DA:58,3
DA:64,3
DA:73,1
LF:35
LH:34
BRDA:20,0,0,0
BRDA:20,1,0,1
BRDA:20,1,1,1
BRDA:26,2,0,1
BRDA:32,3,0,1
BRDA:34,4,0,1
BRDA:55,5,0,1
BRDA:58,6,0,2
BRDA:58,6,1,1
BRDA:60,7,0,1
BRDA:60,7,1,0
BRF:11
BRH:9
end_of_record
TN:
SF:src/features/navigation/advisor.ts
FN:4,pickSpeed
FN:17,(anonymous_1)
FN:60,applyHysteresis
FNF:3
FNH:3
FNDA:5,pickSpeed
FNDA:305,(anonymous_1)
FNDA:4,applyHysteresis
DA:2,5
DA:4,5
DA:17,305
DA:18,5
DA:19,1
DA:28,4
DA:33,4
DA:34,244
DA:35,244
DA:36,244
DA:37,244
DA:38,244
DA:39,244
DA:40,244
DA:41,244
DA:42,244
DA:43,244
DA:44,244
DA:45,244
DA:46,208
DA:49,244
DA:50,244
DA:51,18
DA:57,4
DA:60,5
DA:65,4
DA:66,3
DA:67,1
LF:28
LH:28
BRDA:18,0,0,1
BRDA:20,1,0,1
BRDA:20,1,1,0
BRDA:38,2,0,0
BRDA:44,3,0,244
BRDA:44,3,1,104
BRDA:45,4,0,36
BRDA:45,4,1,208
BRDA:46,5,0,208
BRDA:49,6,0,36
BRDA:49,6,1,208
BRDA:50,7,0,18
BRDA:54,8,0,18
BRDA:54,8,1,0
BRDA:65,9,0,1
BRDA:66,10,0,2
BRF:16
BRH:13
end_of_record
TN:
SF:src/features/navigation/cloneNavigationState.ts
FN:3,(anonymous_0)
FNF:1
FNH:1
FNDA:8,(anonymous_0)
DA:3,3
DA:4,8
LF:2
LH:2
BRF:0
BRH:0
end_of_record
TN:
SF:src/features/navigation/computeRecommendation.ts
FN:5,computeRecommendation
FNF:1
FNH:1
FNDA:3,computeRecommendation
DA:1,4
DA:2,4
DA:5,4
DA:11,3
DA:12,1
DA:14,2
DA:15,2
DA:20,2
DA:23,2
LF:9
LH:9
BRDA:11,0,0,1
BRDA:20,1,0,1
BRDA:20,1,1,1
BRF:3
BRH:3
end_of_record
TN:
SF:src/features/navigation/getNearestInfo.ts
FN:4,getNearestInfo
FNF:1
FNH:1
FNDA:7,getNearestInfo
DA:1,5
DA:4,5
DA:9,7
DA:10,7
DA:11,7
DA:12,4
DA:13,4
DA:14,4
DA:15,4
DA:16,4
DA:17,4
DA:18,4
DA:19,4
DA:20,4
DA:21,4
DA:23,7
LF:16
LH:16
BRDA:11,0,0,4
BRDA:11,1,0,7
BRDA:11,1,1,6
BRDA:17,2,0,4
BRDA:17,2,1,4
BRDA:19,3,0,0
BRDA:19,3,1,4
BRDA:20,4,0,0
BRF:8
BRH:6
end_of_record
TN:
SF:src/features/navigation/index.ts
FN:4,(anonymous_0)
FN:40,(anonymous_1)
FN:51,(anonymous_2)
FN:52,(anonymous_3)
FN:53,(anonymous_4)
FNF:5
FNH:5
FNDA:2,(anonymous_0)
FNDA:1,(anonymous_1)
FNDA:2,(anonymous_2)
FNDA:2,(anonymous_3)
FNDA:1,(anonymous_4)
DA:2,3
DA:4,3
DA:5,2
DA:24,3
DA:40,3
DA:42,1
DA:51,5
DA:52,5
DA:53,4
LF:9
LH:9
BRDA:41,0,0,0
BRF:1
BRH:0
end_of_record
TN:
SF:src/features/navigation/phases.ts
FN:3,getGreenWindow
FN:12,mapColorForRuntime
FNF:2
FNH:2
FNDA:257,getGreenWindow
FNDA:8,mapColorForRuntime
DA:3,8
DA:7,257
DA:8,6
DA:9,3
DA:12,8
DA:17,8
DA:18,6
DA:19,6
DA:20,6
DA:21,6
DA:22,6
DA:23,6
DA:24,4
DA:25,2
DA:26,0
LF:15
LH:14
BRDA:7,0,0,251
BRDA:8,1,0,3
BRDA:17,2,0,2
BRDA:22,3,0,6
BRDA:22,3,1,5
BRDA:23,4,0,2
BRDA:23,5,0,1
BRDA:23,5,1,1
BRDA:24,6,0,2
BRDA:24,7,0,1
BRDA:24,7,1,1
BRDA:25,8,0,2
BRDA:25,9,0,1
BRDA:25,9,1,1
BRF:14
BRH:14
end_of_record
TN:
SF:src/features/navigation/services/ors.ts
FN:23,getRoute
FN:50,(anonymous_1)
FN:64,(anonymous_2)
FNF:3
FNH:3
FNDA:3,getRoute
FNDA:2,(anonymous_1)
FNDA:1,(anonymous_2)
DA:1,1
DA:23,1
DA:27,3
DA:28,3
DA:29,1
DA:32,2
DA:35,2
DA:36,2
DA:40,1
DA:41,1
DA:44,1
DA:45,1
DA:46,1
DA:47,0
DA:49,1
DA:50,2
DA:64,1
DA:71,1
LF:18
LH:17
BRDA:28,0,0,1
BRDA:40,1,0,1
BRDA:40,1,1,0
BRDA:45,2,0,0
BRDA:45,2,1,1
BRDA:45,3,0,1
BRDA:45,3,1,1
BRDA:46,4,0,0
BRDA:64,5,0,1
BRDA:64,5,1,0
BRDA:64,6,0,0
BRDA:64,6,1,1
BRDA:64,7,0,1
BRDA:64,7,1,1
BRDA:64,8,0,0
BRDA:64,8,1,1
BRDA:64,9,0,1
BRDA:64,9,1,1
BRDA:64,10,0,0
BRDA:64,10,1,1
BRDA:64,11,0,1
BRDA:64,11,1,1
BRDA:64,12,0,0
BRDA:64,12,1,1
BRDA:64,13,0,1
BRDA:64,13,1,1
BRDA:69,14,0,1
BRDA:69,14,1,0
BRDA:69,14,2,0
BRF:29
BRH:19
end_of_record
TN:
SF:src/features/navigation/services/routeCache.ts
FN:6,loadRoute
FN:16,saveRoute
FNF:2
FNH:2
FNDA:2,loadRoute
FNDA:1,saveRoute
DA:1,1
DA:4,1
DA:6,1
DA:7,2
DA:8,2
DA:9,1
DA:10,1
DA:12,0
DA:16,1
DA:17,1
LF:10
LH:9
BRDA:8,0,0,1
BRF:1
BRH:1
end_of_record
TN:
SF:src/features/navigation/ui/CarMarker.tsx
FN:10,CarMarker
FNF:1
FNH:1
FNDA:2,CarMarker
DA:2,1
DA:3,1
DA:10,1
DA:11,2
DA:12,1
LF:5
LH:5
BRDA:10,0,0,1
BRDA:11,1,0,1
BRF:2
BRH:2
end_of_record
TN:
SF:src/features/navigation/ui/DrivingHUD.tsx
FN:18,DrivingHUD
FN:31,(anonymous_11)
FNF:2
FNH:2
FNDA:2,DrivingHUD
FNDA:2,(anonymous_11)
DA:1,1
DA:2,1
DA:3,1
DA:4,1
DA:5,1
DA:6,1
DA:7,1
DA:18,1
DA:26,2
DA:27,2
DA:28,2
DA:29,2
DA:31,2
DA:32,2
DA:33,2
DA:39,2
DA:42,2
DA:78,1
DA:79,1
DA:81,1
LF:20
LH:20
BRDA:27,0,0,2
BRDA:27,0,1,1
BRDA:28,1,0,1
BRDA:28,1,1,1
BRDA:32,2,0,2
BRDA:32,3,0,2
BRDA:32,3,1,2
BRDA:32,3,2,2
BRDA:36,4,0,2
BRDA:36,4,1,0
BRDA:36,5,0,2
BRDA:36,5,1,2
BRDA:46,6,0,2
BRDA:46,6,1,0
BRDA:49,7,0,2
BRDA:49,7,1,0
BRDA:49,8,0,2
BRDA:49,8,1,2
BRDA:54,9,0,2
BRDA:54,9,1,0
BRDA:54,10,0,2
BRDA:54,10,1,0
BRDA:71,11,0,1
BRDA:71,11,1,1
BRF:24
BRH:19
end_of_record
TN:
SF:src/features/navigation/ui/SpeedBanner.tsx
FN:11,SpeedBanner
FNF:1
FNH:1
FNDA:2,SpeedBanner
DA:2,1
DA:3,1
DA:11,1
DA:16,2
DA:17,1
DA:30,1
DA:31,1
DA:33,1
LF:8
LH:8
BRDA:16,0,0,1
BRDA:22,1,0,1
BRDA:22,1,1,0
BRDA:22,2,0,1
BRDA:22,2,1,1
BRDA:23,3,0,1
BRDA:23,3,1,0
BRDA:23,4,0,1
BRDA:23,4,1,1
BRF:9
BRH:7
end_of_record
TN:
SF:src/features/traffic/hooks/useLightDetector.ts
FN:22,useLightDetector
FN:36,(anonymous_2)
FN:43,(anonymous_3)
FN:49,(anonymous_4)
FN:54,(anonymous_5)
FN:57,(anonymous_6)
FN:79,(anonymous_7)
FN:82,(anonymous_8)
FN:107,(anonymous_9)
FN:112,(anonymous_10)
FNF:10
FNH:9
FNDA:7,useLightDetector
FNDA:3,(anonymous_2)
FNDA:2,(anonymous_3)
FNDA:2,(anonymous_4)
FNDA:2,(anonymous_5)
FNDA:2,(anonymous_6)
FNDA:6,(anonymous_7)
FNDA:0,(anonymous_8)
FNDA:6,(anonymous_9)
FNDA:2,(anonymous_10)
DA:1,1
DA:2,1
DA:4,1
DA:5,1
DA:22,1
DA:25,7
DA:26,7
DA:27,7
DA:30,7
DA:31,7
DA:32,7
DA:33,7
DA:35,7
DA:39,3
DA:40,2
DA:41,2
DA:42,2
DA:43,2
DA:44,2
DA:49,2
DA:52,2
DA:54,2
DA:55,2
DA:58,2
DA:61,1
DA:62,1
DA:63,1
DA:73,1
DA:79,7
DA:80,6
DA:81,6
DA:82,1
DA:83,0
DA:84,0
DA:85,0
DA:89,0
DA:90,0
DA:91,0
DA:92,0
DA:93,0
DA:99,0
DA:100,0
DA:103,0
DA:107,6
DA:108,6
DA:112,7
DA:113,2
DA:114,1
DA:115,1
DA:116,1
DA:117,1
DA:118,1
DA:120,0
DA:122,1
DA:123,1
DA:124,1
DA:126,1
DA:127,1
DA:128,1
DA:129,1
DA:133,7
DA:136,1
LF:62
LH:50
BRDA:39,0,0,1
BRDA:39,1,0,1
BRDA:39,1,1,2
BRDA:39,2,0,3
BRDA:39,2,1,2
BRDA:41,3,0,2
BRDA:49,4,0,0
BRDA:49,4,1,2
BRDA:58,5,0,1
BRDA:58,5,1,1
BRDA:61,6,0,0
BRDA:81,7,0,1
BRDA:83,8,0,0
BRDA:89,9,0,0
BRDA:89,9,1,0
BRDA:89,10,0,0
BRDA:89,10,1,0
BRDA:91,11,0,0
BRDA:91,12,0,0
BRDA:91,12,1,0
BRDA:91,13,0,0
BRDA:91,13,1,0
BRDA:91,14,0,0
BRDA:91,14,1,0
BRDA:108,15,0,1
BRDA:113,16,0,1
BRDA:113,16,1,1
BRF:27
BRH:13
end_of_record
TN:
SF:src/features/traffic/services/colorPhases.ts
FN:6,finalizePhase
FNF:1
FNH:1
FNDA:4,finalizePhase
DA:6,2
DA:12,4
DA:13,3
LF:3
LH:3
BRDA:12,0,0,3
BRDA:12,1,0,4
BRDA:12,1,1,3
BRF:3
BRH:3
end_of_record
TN:
SF:src/features/traffic/ui/CycleFormModal.tsx
FN:28,CycleFormModal
FN:51,(anonymous_2)
FNF:2
FNH:2
FNDA:1,CycleFormModal
FNDA:1,(anonymous_2)
DA:1,1
DA:2,1
DA:11,1
DA:12,1
DA:28,1
DA:33,1
DA:34,1
DA:35,1
DA:36,1
DA:37,1
DA:38,1
DA:39,1
DA:40,1
DA:41,1
DA:51,1
DA:52,1
DA:61,1
DA:62,0
DA:63,0
DA:65,1
DA:74,1
DA:144,1
DA:145,1
DA:147,1
LF:24
LH:22
BRDA:61,0,0,0
BRF:1
BRH:0
end_of_record
TN:
SF:src/features/traffic/ui/LightFormModal.tsx
FN:26,LightFormModal
FN:36,(anonymous_2)
FN:60,(anonymous_3)
FN:64,(anonymous_4)
FNF:4
FNH:3
FNDA:3,LightFormModal
FNDA:1,(anonymous_2)
FNDA:9,(anonymous_3)
FNDA:0,(anonymous_4)
DA:1,1
DA:2,1
DA:11,1
DA:12,1
DA:26,1
DA:32,3
DA:33,3
DA:34,3
DA:36,3
DA:37,1
DA:38,1
DA:39,0
DA:40,0
DA:42,1
DA:48,1
DA:49,1
DA:52,3
DA:61,9
DA:64,0
DA:81,1
DA:82,1
DA:84,1
LF:22
LH:19
BRDA:38,0,0,0
BRDA:65,1,0,3
BRDA:65,1,1,6
BRF:3
BRH:2
end_of_record
TN:
SF:src/features/traffic/ui/useVoicePhaseLogger.ts
FN:10,parseVoiceResult
FN:17,useVoicePhaseLogger
FN:20,(anonymous_12)
FN:25,(anonymous_13)
FNF:4
FNH:1
FNDA:2,parseVoiceResult
FNDA:0,useVoicePhaseLogger
FNDA:0,(anonymous_12)
FNDA:0,(anonymous_13)
DA:1,1
DA:2,1
DA:3,1
DA:5,1
DA:7,1
DA:8,1
DA:10,1
DA:11,2
DA:12,2
DA:13,2
DA:14,1
DA:17,1
DA:18,0
DA:20,0
DA:21,0
DA:22,0
DA:25,0
DA:26,0
DA:27,0
DA:28,0
DA:29,0
DA:30,0
DA:31,0
DA:32,0
DA:33,0
DA:37,0
LF:26
LH:12
BRDA:11,0,0,1
BRDA:11,0,1,1
BRDA:11,1,0,2
BRDA:11,1,1,2
BRDA:11,2,0,1
BRDA:11,2,1,1
BRDA:11,3,0,2
BRDA:11,3,1,1
BRDA:12,4,0,1
BRDA:12,4,1,1
BRDA:12,5,0,2
BRDA:12,5,1,1
BRDA:13,6,0,1
BRDA:13,7,0,2
BRDA:13,7,1,1
BRDA:29,8,0,0
BRDA:31,9,0,0
BRDA:31,9,1,0
BRF:18
BRH:15
end_of_record
TN:
SF:src/lib/supabase.ts
FN:10,createSupabaseClient
FNF:1
FNH:1
FNDA:3,createSupabaseClient
DA:1,3
DA:2,3
DA:10,3
DA:11,3
DA:16,3
DA:17,3
DA:18,3
DA:19,0
DA:23,3
LF:9
LH:8
BRDA:18,0,0,0
BRDA:18,1,0,3
BRDA:18,1,1,3
BRF:3
BRH:2
end_of_record
TN:
SF:src/premium/features.ts
FN:1,(anonymous_0)
FN:11,requiresPremium
FNF:2
FNH:2
FNDA:2,(anonymous_0)
FNDA:1,requiresPremium
DA:1,2
DA:2,2
DA:3,2
DA:6,2
DA:11,2
DA:12,1
LF:6
LH:6
BRDA:1,0,0,2
BRDA:1,0,1,2
BRF:2
BRH:2
end_of_record
TN:
SF:src/premium/subscription.ts
FN:6,purchasePremium
FN:10,usePremium
FN:13,(anonymous_11)
FN:15,init
FN:20,(anonymous_13)
FN:28,(anonymous_14)
FNF:6
FNH:4
FNDA:0,purchasePremium
FNDA:2,usePremium
FNDA:2,(anonymous_11)
FNDA:2,init
FNDA:0,(anonymous_13)
FNDA:2,(anonymous_14)
DA:1,1
DA:2,1
DA:4,1
DA:6,1
DA:7,0
DA:10,1
DA:11,2
DA:13,2
DA:14,2
DA:16,2
DA:17,2
DA:18,2
DA:19,2
DA:20,0
DA:22,2
DA:24,0
DA:27,2
DA:28,2
DA:29,2
DA:30,2
DA:34,2
LF:21
LH:18
BRDA:19,0,0,0
BRDA:19,0,1,2
BRDA:19,1,0,2
BRDA:19,1,1,2
BRDA:22,2,0,2
BRF:5
BRH:4
end_of_record
TN:
SF:src/services/analytics.ts
FN:6,createAnalytics
FN:10,(anonymous_2)
FNF:2
FNH:2
FNDA:3,createAnalytics
FNDA:2,(anonymous_2)
DA:1,1
DA:2,1
DA:6,1
DA:9,3
DA:11,2
DA:12,1
DA:13,1
DA:15,0
DA:21,1
DA:22,1
LF:10
LH:9
BRDA:7,0,0,2
BRDA:11,1,0,1
BRF:2
BRH:2
end_of_record
TN:
SF:src/services/lightCycleUploader.ts
FN:5,uploadLightCycle
FNF:1
FNH:1
FNDA:2,uploadLightCycle
DA:1,1
DA:2,1
DA:5,1
DA:9,2
DA:10,2
DA:11,1
LF:6
LH:6
BRDA:10,0,0,1
BRF:1
BRH:1
end_of_record
TN:
SF:src/services/logger.ts
FN:3,pad
FN:7,formatDate
FN:13,log
FN:16,(anonymous_12)
FN:25,(anonymous_13)
FN:26,(anonymous_14)
FNF:6
FNH:6
FNDA:5,pad
FNDA:1,formatDate
FNDA:1,log
FNDA:1,(anonymous_12)
FNDA:1,(anonymous_13)
FNDA:1,(anonymous_14)
DA:4,5
DA:8,1
DA:13,6
DA:14,1
DA:15,1
DA:16,2
DA:17,0
DA:18,0
DA:19,0
DA:20,0
DA:25,2
DA:26,2
DA:27,1
DA:28,1
DA:29,1
DA:30,1
DA:32,1
LF:17
LH:13
BRDA:29,0,0,1
BRF:1
BRH:1
end_of_record
TN:
SF:src/services/network.ts
FN:4,(anonymous_0)
FN:7,(anonymous_1)
FNF:2
FNH:2
FNDA:5,(anonymous_0)
FNDA:1,(anonymous_1)
DA:3,5
DA:5,5
DA:6,5
DA:7,5
DA:8,5
DA:9,5
DA:10,4
DA:11,3
DA:12,3
DA:13,3
DA:14,1
DA:16,2
DA:17,2
DA:22,3
DA:23,3
DA:25,1
DA:27,4
DA:28,4
DA:29,1
DA:31,3
DA:33,0
DA:35,5
DA:40,5
LF:23
LH:22
BRDA:4,0,0,2
BRDA:5,1,0,4
BRDA:10,2,0,3
BRDA:14,3,0,1
BRDA:14,3,1,0
BRDA:22,4,0,3
BRDA:22,4,1,0
BRDA:22,4,2,0
BRDA:27,5,0,4
BRDA:28,6,0,1
BRDA:31,7,0,3
BRDA:31,7,1,0
BRF:12
BRH:8
end_of_record
TN:
SF:src/services/notifications.ts
FN:8,notifyDriver
FN:18,subscribeToPhaseChanges
FN:19,(anonymous_11)
FNF:3
FNH:3
FNDA:2,notifyDriver
FNDA:1,subscribeToPhaseChanges
FNDA:1,(anonymous_11)
DA:1,1
DA:8,1
DA:9,2
DA:18,1
DA:19,1
DA:20,1
DA:24,1
LF:7
LH:7
BRF:0
BRH:0
end_of_record
TN:
SF:src/services/phaseSync.ts
FN:9,(anonymous_1)
FNF:1
FNH:1
FNDA:1,(anonymous_1)
DA:1,1
DA:2,1
DA:5,1
DA:6,1
DA:8,1
DA:10,1
DA:11,1
DA:12,1
DA:13,1
DA:14,1
DA:19,1
DA:23,1
LF:12
LH:12
BRDA:11,0,0,0
BRDA:13,1,0,0
BRF:2
BRH:0
end_of_record
TN:
SF:src/services/supabase.ts
FN:10,(anonymous_0)
FN:12,fetchLightsAndCycles
FN:48,subscribeLightCycles
FN:56,(anonymous_3)
FNF:4
FNH:4
FNDA:3,(anonymous_0)
FNDA:2,fetchLightsAndCycles
FNDA:1,subscribeLightCycles
FNDA:1,(anonymous_3)
DA:5,3
DA:8,3
DA:10,6
DA:17,2
DA:20,2
DA:21,1
DA:22,1
DA:29,1
DA:32,1
DA:33,1
DA:34,1
DA:41,0
DA:51,1
DA:57,1
DA:58,0
DA:65,3
LF:16
LH:14
BRDA:20,0,0,1
BRDA:32,1,0,1
BRDA:35,2,0,1
BRDA:35,2,1,0
BRDA:42,3,0,0
BRDA:42,3,1,0
BRDA:43,4,0,0
BRDA:43,4,1,0
BRDA:57,5,0,0
BRF:9
BRH:3
end_of_record
TN:
SF:src/services/uploadLightData.ts
FN:16,uploadCycle
FNF:1
FNH:1
FNDA:1,uploadCycle
DA:1,1
DA:2,1
DA:16,1
DA:22,1
DA:25,1
DA:26,1
DA:27,1
LF:7
LH:7
BRDA:25,0,0,1
BRF:1
BRH:1
end_of_record
TN:
SF:src/services/gpt/apiClient.ts
FN:7,createGptClient
FN:12,(anonymous_1)
FNF:2
FNH:2
FNDA:3,createGptClient
FNDA:3,(anonymous_1)
DA:1,1
DA:7,1
DA:11,3
DA:13,3
DA:27,3
DA:28,1
DA:32,2
DA:33,2
DA:37,1
DA:38,1
DA:41,1
LF:11
LH:11
BRDA:9,0,0,0
BRDA:27,1,0,1
BRDA:41,2,0,1
BRDA:41,2,1,0
BRDA:41,3,0,1
BRDA:41,3,1,1
BRDA:41,4,0,0
BRDA:41,4,1,1
BRDA:41,5,0,1
BRDA:41,5,1,1
BRF:10
BRH:7
end_of_record
TN:
SF:src/services/gpt/promptHandler.ts
FN:1,buildPrompt
FN:5,(anonymous_1)
FNF:2
FNH:2
FNDA:1,buildPrompt
FNDA:1,(anonymous_1)
DA:1,1
DA:5,1
LF:2
LH:2
BRDA:5,0,0,1
BRDA:5,0,1,0
BRDA:5,1,0,1
BRDA:5,1,1,1
BRF:4
BRH:3
end_of_record
TN:
SF:src/services/gpt/utils.ts
FN:1,trimLines
FN:4,(anonymous_1)
FNF:2
FNH:2
FNDA:1,trimLines
FNDA:2,(anonymous_1)
DA:1,1
DA:2,1
DA:4,2
LF:3
LH:3
BRF:0
BRH:0
end_of_record
TN:
SF:src/services/onMessage/handle.ts
FN:4,handleMessage
FNF:1
FNH:1
FNDA:3,handleMessage
DA:2,1
DA:4,1
DA:5,3
DA:6,3
DA:7,2
LF:5
LH:5
BRDA:6,0,0,2
BRF:1
BRH:1
end_of_record
TN:
SF:src/services/onMessage/handlers.ts
FN:5,(anonymous_0)
FNF:1
FNH:1
FNDA:3,(anonymous_0)
DA:1,1
DA:4,1
DA:6,3
DA:10,1
LF:4
LH:4
BRF:0
BRH:0
end_of_record
TN:
SF:src/services/onMessage/index.ts
FN:7,(anonymous_0)
FN:7,(anonymous_1)
FN:7,(anonymous_2)
FN:5,(anonymous_3)
FN:9,onMessage
FNF:5
FNH:5
FNDA:2,(anonymous_0)
FNDA:2,(anonymous_1)
FNDA:2,(anonymous_2)
FNDA:1,(anonymous_3)
FNDA:3,onMessage
DA:1,1
DA:2,1
DA:3,1
DA:5,2
DA:7,3
DA:9,1
DA:10,3
DA:11,2
DA:12,1
DA:15,1
LF:10
LH:10
BRF:0
BRH:0
end_of_record
TN:
SF:src/services/onMessage/parse.ts
FN:1,parseMessage
FNF:1
FNH:1
FNDA:5,parseMessage
DA:1,1
DA:2,5
LF:2
LH:2
BRF:0
BRH:0
end_of_record
TN:
SF:src/services/onMessage/validate.ts
FN:3,validateMessage
FNF:1
FNH:1
FNDA:4,validateMessage
DA:3,1
DA:4,4
DA:10,2
DA:12,2
LF:4
LH:4
BRDA:4,0,0,2
BRDA:5,1,0,4
BRDA:5,1,1,4
BRDA:5,1,2,4
BRDA:5,1,3,4
BRF:5
BRH:5
end_of_record
TN:
SF:src/state/speech.ts
FN:7,setSpeechEnabled
FN:12,loadSpeechEnabled
FNF:2
FNH:2
FNDA:3,setSpeechEnabled
FNDA:1,loadSpeechEnabled
DA:1,1
DA:3,1
DA:5,1
DA:7,1
DA:8,3
DA:9,3
DA:12,1
DA:13,1
DA:14,1
LF:9
LH:9
BRDA:9,0,0,1
BRDA:9,0,1,2
BRDA:14,1,0,1
BRF:3
BRH:3
end_of_record
TN:
SF:src/state/theme.ts
FN:8,setTheme
FN:13,loadTheme
FNF:2
FNH:2
FNDA:1,setTheme
FNDA:2,loadTheme
DA:1,1
DA:4,1
DA:6,1
DA:8,1
DA:9,1
DA:10,1
DA:13,1
DA:14,2
DA:15,1
LF:9
LH:9
BRDA:15,0,0,1
BRDA:15,1,0,1
BRDA:15,1,1,1
BRF:3
BRH:3
end_of_record
TN:
SF:src/styles/tokens.ts
FNF:0
FNH:0
DA:1,1
DA:9,1
DA:15,1
LF:3
LH:3
BRF:0
BRH:0
end_of_record
TN:
SF:src/ui/MainMenu.tsx
FN:18,MainMenu
FNF:1
FNH:1
FNDA:2,MainMenu
DA:2,1
DA:3,1
DA:4,1
DA:5,1
DA:7,1
DA:8,1
DA:18,1
DA:25,2
DA:26,2
DA:27,1
DA:47,1
LF:11
LH:11
BRDA:26,0,0,1
BRDA:35,1,0,0
BRDA:35,1,1,1
BRDA:35,2,0,1
BRDA:35,2,1,1
BRF:5
BRH:4
end_of_record
TN:
SF:src/ui/MapViewWrapper.tsx
FN:29,MapViewWrapper
FN:53,(anonymous_11)
FNF:2
FNH:2
FNDA:1,MapViewWrapper
FNDA:1,(anonymous_11)
DA:2,1
DA:3,1
DA:11,1
DA:12,1
DA:29,1
DA:41,1
DA:54,1
DA:55,1
DA:57,1
DA:58,1
DA:73,1
DA:90,1
LF:12
LH:12
BRDA:52,0,0,1
BRDA:52,0,1,1
BRDA:55,1,0,0
BRDA:55,1,1,1
BRDA:55,2,0,1
BRDA:55,2,1,1
BRDA:57,3,0,1
BRDA:57,3,1,0
BRDA:62,4,0,0
BRDA:62,4,1,1
BRDA:66,5,0,1
BRDA:66,5,1,0
BRF:12
BRH:8
end_of_record
TN:
SF:src/ui/MenuContainer.tsx
FN:14,MenuContainer
FNF:1
FNH:1
FNDA:1,MenuContainer
DA:2,1
DA:3,1
DA:14,1
DA:22,1
DA:42,1
DA:43,1
DA:45,1
LF:7
LH:7
BRF:0
BRH:0
end_of_record
TN:
SF:src/ui/Settings.tsx
FN:12,Settings
FN:20,(anonymous_1)
FN:27,(anonymous_2)
FNF:3
FNH:3
FNDA:3,Settings
FNDA:1,(anonymous_1)
FNDA:1,(anonymous_2)
DA:1,1
DA:2,1
DA:3,1
DA:4,1
DA:12,1
DA:17,3
DA:18,3
DA:20,3
DA:21,1
DA:22,1
DA:23,1
DA:24,1
DA:27,3
DA:28,1
DA:29,1
DA:32,3
DA:56,1
DA:58,1
LF:18
LH:18
BRDA:22,0,0,1
BRDA:22,0,1,0
BRF:2
BRH:1
end_of_record
TN:
SF:src/utils/validation.ts
FN:3,(anonymous_1)
FN:27,(anonymous_2)
FN:45,(anonymous_3)
FNF:3
FNH:3
FNDA:7,(anonymous_1)
FNDA:7,(anonymous_2)
FNDA:43,(anonymous_3)
DA:1,3
DA:3,3
DA:7,7
DA:8,3
DA:10,4
DA:11,4
DA:12,1
DA:14,3
DA:27,3
DA:36,7
DA:45,43
DA:46,1
DA:48,6
DA:49,1
DA:51,5
DA:52,1
DA:54,4
DA:55,1
DA:57,3
LF:19
LH:19
BRDA:7,0,0,3
BRDA:11,1,0,1
BRDA:45,2,0,1
BRDA:48,3,0,1
BRDA:51,4,0,1
BRDA:54,5,0,1
BRF:6
BRH:6
end_of_record
